#
# There is insufficient memory for the Java Runtime Environment to continue.
# Native memory allocation (malloc) failed to allocate 1431830528 bytes for committing reserved memory.
# Possible reasons:
#   The system is out of physical RAM or swap space
#   In 32 bit mode, the process size limit was hit
# Possible solutions:
#   Reduce memory load on the system
#   Increase physical memory or swap space
#   Check if swap backing store is full
#   Use 64 bit Java on a 64 bit OS
#   Decrease Java heap size (-Xmx/-Xms)
#   Decrease number of Java threads
#   Decrease Java thread stack sizes (-Xss)
#   Set larger code cache with -XX:ReservedCodeCacheSize=
# This output file may be truncated or incomplete.
#
#  Out of Memory Error (os_linux.cpp:2756), pid=4504, tid=140132388767488
#
# JRE version:  (7.0_80-b15) (build )
# Java VM: Java HotSpot(TM) 64-Bit Server VM (24.80-b11 mixed mode linux-amd64 compressed oops)
# Failed to write core dump. Core dumps have been disabled. To enable core dumping, try "ulimit -c unlimited" before starting Java again
#

---------------  T H R E A D  ---------------

Current thread (0x00007f731400a800):  JavaThread "Unknown thread" [_thread_in_vm, id=4509, stack(0x00007f731d310000,0x00007f731d411000)]

Stack: [0x00007f731d310000,0x00007f731d411000],  sp=0x00007f731d40f270,  free space=1020k
Native frames: (J=compiled Java code, j=interpreted, Vv=VM code, C=native code)
V  [libjvm.so+0x9a320a]  VMError::report_and_die()+0x2ea
V  [libjvm.so+0x498d3b]  report_vm_out_of_memory(char const*, int, unsigned long, char const*)+0x9b
V  [libjvm.so+0x82191e]  os::Linux::commit_memory_impl(char*, unsigned long, bool)+0xfe
V  [libjvm.so+0x821e69]  os::pd_commit_memory(char*, unsigned long, unsigned long, bool)+0x29
V  [libjvm.so+0x81bb6a]  os::commit_memory(char*, unsigned long, unsigned long, bool)+0x2a
V  [libjvm.so+0x88d623]  PSVirtualSpace::expand_by(unsigned long)+0x53
V  [libjvm.so+0x87c293]  PSOldGen::initialize(ReservedSpace, unsigned long, char const*, int)+0x103
V  [libjvm.so+0x29ace3]  AdjoiningGenerations::AdjoiningGenerations(ReservedSpace, unsigned long, unsigned long, unsigned long, unsigned long, unsigned long, unsigned long, unsigned long)+0x3e3
V  [libjvm.so+0x843215]  ParallelScavengeHeap::initialize()+0x4d5
V  [libjvm.so+0x97509a]  Universe::initialize_heap()+0xca
V  [libjvm.so+0x976269]  universe_init()+0x79
V  [libjvm.so+0x5b2f25]  init_globals()+0x65
V  [libjvm.so+0x95db4d]  Threads::create_vm(JavaVMInitArgs*, bool*)+0x1ed
V  [libjvm.so+0x63b2e4]  JNI_CreateJavaVM+0x74
C  [libjli.so+0x2f8e]  JavaMain+0x9e


---------------  P R O C E S S  ---------------

Java Threads: ( => current thread )

Other Threads:

=>0x00007f731400a800 (exited) JavaThread "Unknown thread" [_thread_in_vm, id=4509, stack(0x00007f731d310000,0x00007f731d411000)]

VM state:not at safepoint (not fully initialized)

VM Mutex/Monitor currently owned by a thread: None

GC Heap History (0 events):
No events

Deoptimization events (0 events):
No events

Internal exceptions (0 events):
No events

Events (0 events):
No events


Dynamic libraries:
00400000-00401000 r-xp 00000000 08:02 12979744                           /opt/jdk1.7.0_80/bin/java
00600000-00601000 rw-p 00000000 08:02 12979744                           /opt/jdk1.7.0_80/bin/java
00e24000-00e45000 rw-p 00000000 00:00 0                                  [heap]
680000000-700000000 rw-p 00000000 00:00 0 
755580000-7aaa80000 rw-p 00000000 00:00 0 
7aaa80000-7d5580000 rw-p 00000000 00:00 0 
7d5580000-800000000 rw-p 00000000 00:00 0 
7f7311000000-7f7311270000 rwxp 00000000 00:00 0 
7f7311270000-7f7314028000 rw-p 00000000 00:00 0 
7f7314028000-7f7318000000 ---p 00000000 00:00 0 
7f73197ac000-7f73199f5000 rw-p 00000000 00:00 0 
7f73199f5000-7f731a34a000 rw-p 00000000 00:00 0 
7f731a34a000-7f731a4a0000 rw-p 00000000 00:00 0 
7f731a4a0000-7f731a5f5000 rw-p 00000000 00:00 0 
7f731a5f5000-7f731a5f6000 rw-p 00000000 00:00 0 
7f731a5f6000-7f731a60d000 r-xp 00000000 08:02 12323855                   /opt/jdk1.7.0_80/jre/lib/amd64/libzip.so
7f731a60d000-7f731a80d000 ---p 00017000 08:02 12323855                   /opt/jdk1.7.0_80/jre/lib/amd64/libzip.so
7f731a80d000-7f731a80e000 rw-p 00017000 08:02 12323855                   /opt/jdk1.7.0_80/jre/lib/amd64/libzip.so
7f731a80e000-7f731a819000 r-xp 00000000 08:02 5768192                    /lib/x86_64-linux-gnu/libnss_files-2.23.so
7f731a819000-7f731aa18000 ---p 0000b000 08:02 5768192                    /lib/x86_64-linux-gnu/libnss_files-2.23.so
7f731aa18000-7f731aa19000 r--p 0000a000 08:02 5768192                    /lib/x86_64-linux-gnu/libnss_files-2.23.so
7f731aa19000-7f731aa1a000 rw-p 0000b000 08:02 5768192                    /lib/x86_64-linux-gnu/libnss_files-2.23.so
7f731aa1a000-7f731aa20000 rw-p 00000000 00:00 0 
7f731aa20000-7f731aa2b000 r-xp 00000000 08:02 5768213                    /lib/x86_64-linux-gnu/libnss_nis-2.23.so
7f731aa2b000-7f731ac2a000 ---p 0000b000 08:02 5768213                    /lib/x86_64-linux-gnu/libnss_nis-2.23.so
7f731ac2a000-7f731ac2b000 r--p 0000a000 08:02 5768213                    /lib/x86_64-linux-gnu/libnss_nis-2.23.so
7f731ac2b000-7f731ac2c000 rw-p 0000b000 08:02 5768213                    /lib/x86_64-linux-gnu/libnss_nis-2.23.so
7f731ac2c000-7f731ac42000 r-xp 00000000 08:02 5767423                    /lib/x86_64-linux-gnu/libnsl-2.23.so
7f731ac42000-7f731ae41000 ---p 00016000 08:02 5767423                    /lib/x86_64-linux-gnu/libnsl-2.23.so
7f731ae41000-7f731ae42000 r--p 00015000 08:02 5767423                    /lib/x86_64-linux-gnu/libnsl-2.23.so
7f731ae42000-7f731ae43000 rw-p 00016000 08:02 5767423                    /lib/x86_64-linux-gnu/libnsl-2.23.so
7f731ae43000-7f731ae45000 rw-p 00000000 00:00 0 
7f731ae45000-7f731ae4d000 r-xp 00000000 08:02 5768256                    /lib/x86_64-linux-gnu/libnss_compat-2.23.so
7f731ae4d000-7f731b04c000 ---p 00008000 08:02 5768256                    /lib/x86_64-linux-gnu/libnss_compat-2.23.so
7f731b04c000-7f731b04d000 r--p 00007000 08:02 5768256                    /lib/x86_64-linux-gnu/libnss_compat-2.23.so
7f731b04d000-7f731b04e000 rw-p 00008000 08:02 5768256                    /lib/x86_64-linux-gnu/libnss_compat-2.23.so
7f731b04e000-7f731b077000 r-xp 00000000 08:02 12323821                   /opt/jdk1.7.0_80/jre/lib/amd64/libjava.so
7f731b077000-7f731b277000 ---p 00029000 08:02 12323821                   /opt/jdk1.7.0_80/jre/lib/amd64/libjava.so
7f731b277000-7f731b279000 rw-p 00029000 08:02 12323821                   /opt/jdk1.7.0_80/jre/lib/amd64/libjava.so
7f731b279000-7f731b286000 r-xp 00000000 08:02 12323848                   /opt/jdk1.7.0_80/jre/lib/amd64/libverify.so
7f731b286000-7f731b485000 ---p 0000d000 08:02 12323848                   /opt/jdk1.7.0_80/jre/lib/amd64/libverify.so
7f731b485000-7f731b487000 rw-p 0000c000 08:02 12323848                   /opt/jdk1.7.0_80/jre/lib/amd64/libverify.so
7f731b487000-7f731b48e000 r-xp 00000000 08:02 5768217                    /lib/x86_64-linux-gnu/librt-2.23.so
7f731b48e000-7f731b68d000 ---p 00007000 08:02 5768217                    /lib/x86_64-linux-gnu/librt-2.23.so
7f731b68d000-7f731b68e000 r--p 00006000 08:02 5768217                    /lib/x86_64-linux-gnu/librt-2.23.so
7f731b68e000-7f731b68f000 rw-p 00007000 08:02 5768217                    /lib/x86_64-linux-gnu/librt-2.23.so
7f731b68f000-7f731b797000 r-xp 00000000 08:02 5768323                    /lib/x86_64-linux-gnu/libm-2.23.so
7f731b797000-7f731b996000 ---p 00108000 08:02 5768323                    /lib/x86_64-linux-gnu/libm-2.23.so
7f731b996000-7f731b997000 r--p 00107000 08:02 5768323                    /lib/x86_64-linux-gnu/libm-2.23.so
7f731b997000-7f731b998000 rw-p 00108000 08:02 5768323                    /lib/x86_64-linux-gnu/libm-2.23.so
7f731b998000-7f731c50e000 r-xp 00000000 08:02 12323875                   /opt/jdk1.7.0_80/jre/lib/amd64/server/libjvm.so
7f731c50e000-7f731c70d000 ---p 00b76000 08:02 12323875                   /opt/jdk1.7.0_80/jre/lib/amd64/server/libjvm.so
7f731c70d000-7f731c7d1000 rw-p 00b75000 08:02 12323875                   /opt/jdk1.7.0_80/jre/lib/amd64/server/libjvm.so
7f731c7d1000-7f731c812000 rw-p 00000000 00:00 0 
7f731c812000-7f731c9d2000 r-xp 00000000 08:02 5768354                    /lib/x86_64-linux-gnu/libc-2.23.so
7f731c9d2000-7f731cbd2000 ---p 001c0000 08:02 5768354                    /lib/x86_64-linux-gnu/libc-2.23.so
7f731cbd2000-7f731cbd6000 r--p 001c0000 08:02 5768354                    /lib/x86_64-linux-gnu/libc-2.23.so
7f731cbd6000-7f731cbd8000 rw-p 001c4000 08:02 5768354                    /lib/x86_64-linux-gnu/libc-2.23.so
7f731cbd8000-7f731cbdc000 rw-p 00000000 00:00 0 
7f731cbdc000-7f731cbdf000 r-xp 00000000 08:02 5768255                    /lib/x86_64-linux-gnu/libdl-2.23.so
7f731cbdf000-7f731cdde000 ---p 00003000 08:02 5768255                    /lib/x86_64-linux-gnu/libdl-2.23.so
7f731cdde000-7f731cddf000 r--p 00002000 08:02 5768255                    /lib/x86_64-linux-gnu/libdl-2.23.so
7f731cddf000-7f731cde0000 rw-p 00003000 08:02 5768255                    /lib/x86_64-linux-gnu/libdl-2.23.so
7f731cde0000-7f731cdf5000 r-xp 00000000 08:02 12586788                   /opt/jdk1.7.0_80/lib/amd64/jli/libjli.so
7f731cdf5000-7f731cff4000 ---p 00015000 08:02 12586788                   /opt/jdk1.7.0_80/lib/amd64/jli/libjli.so
7f731cff4000-7f731cff5000 rw-p 00014000 08:02 12586788                   /opt/jdk1.7.0_80/lib/amd64/jli/libjli.so
7f731cff5000-7f731d00d000 r-xp 00000000 08:02 5768212                    /lib/x86_64-linux-gnu/libpthread-2.23.so
7f731d00d000-7f731d20c000 ---p 00018000 08:02 5768212                    /lib/x86_64-linux-gnu/libpthread-2.23.so
7f731d20c000-7f731d20d000 r--p 00017000 08:02 5768212                    /lib/x86_64-linux-gnu/libpthread-2.23.so
7f731d20d000-7f731d20e000 rw-p 00018000 08:02 5768212                    /lib/x86_64-linux-gnu/libpthread-2.23.so
7f731d20e000-7f731d212000 rw-p 00000000 00:00 0 
7f731d212000-7f731d238000 r-xp 00000000 08:02 5768179                    /lib/x86_64-linux-gnu/ld-2.23.so
7f731d250000-7f731d25a000 rw-p 00000000 00:00 0 
7f731d25a000-7f731d310000 rw-p 00000000 00:00 0 
7f731d310000-7f731d313000 ---p 00000000 00:00 0 
7f731d313000-7f731d415000 rw-p 00000000 00:00 0 
7f731d42b000-7f731d433000 rw-s 00000000 08:02 5642326                    /tmp/hsperfdata_colaborador/4504
7f731d433000-7f731d434000 rw-p 00000000 00:00 0 
7f731d434000-7f731d435000 r--p 00000000 00:00 0 
7f731d435000-7f731d437000 rw-p 00000000 00:00 0 
7f731d437000-7f731d438000 r--p 00025000 08:02 5768179                    /lib/x86_64-linux-gnu/ld-2.23.so
7f731d438000-7f731d439000 rw-p 00026000 08:02 5768179                    /lib/x86_64-linux-gnu/ld-2.23.so
7f731d439000-7f731d43a000 rw-p 00000000 00:00 0 
7ffc19a1e000-7ffc19a3f000 rw-p 00000000 00:00 0                          [stack]
7ffc19b2e000-7ffc19b31000 r--p 00000000 00:00 0                          [vvar]
7ffc19b31000-7ffc19b33000 r-xp 00000000 00:00 0                          [vdso]
ffffffffff600000-ffffffffff601000 r-xp 00000000 00:00 0                  [vsyscall]

VM Arguments:
jvm_args: -Dprogram.name=JBossTools: Red Hat JBoss EAP 6.1+ -Xms2048m -Xmx4096m -XX:MaxPermSize=2048m -Dorg.jboss.resolver.warning=true -Djava.net.preferIPv4Stack=true -Dsun.rmi.dgc.client.gcInterval=3600000 -Dsun.rmi.dgc.server.gcInterval=3600000 -Djboss.modules.system.pkgs=org.jboss.byteman -Djava.awt.headless=true -Dorg.jboss.boot.log.file=/home/colaborador/ambiente_java/EAP-6.4-digital-homo/standalone/log/boot.log -Dlogging.configuration=file:/home/colaborador/ambiente_java/EAP-6.4-digital-homo/standalone/configuration/logging.properties -Djboss.home.dir=/home/colaborador/ambiente_java/EAP-6.4-digital-homo -Dorg.jboss.logmanager.nocolor=true -Djboss.bind.address.management=localhost -Dfile.encoding=UTF-8 
java_command: org.jboss.modules.Main -mp /home/colaborador/ambiente_java/EAP-6.4-digital-homo/modules -jaxpmodule javax.xml.jaxp-provider -jaxpmodule javax.xml.jaxp-provider org.jboss.as.standalone -b 0.0.0.0 --server-config=standalone.xml -Djboss.server.base.dir=/home/colaborador/ambiente_java/EAP-6.4-digital-homo/standalone
Launcher Type: SUN_STANDARD

Environment Variables:
JAVA_HOME=/opt/jdk1.7.0_80
PATH=native:/opt/jdk1.7.0_80/bin:/usr/local/sbin:/usr/local/bin:/usr/sbin:/usr/bin:/sbin:/bin:/usr/games:/usr/local/games:/snap/bin:/opt/p4v/bin:
SHELL=/bin/bash
DISPLAY=:0

Signal Handlers:
SIGSEGV: [libjvm.so+0x9a3b20], sa_mask[0]=0x7ffbfeff, sa_flags=0x10000004
SIGBUS: [libjvm.so+0x9a3b20], sa_mask[0]=0x7ffbfeff, sa_flags=0x10000004
SIGFPE: [libjvm.so+0x81e740], sa_mask[0]=0x7ffbfeff, sa_flags=0x10000004
SIGPIPE: [libjvm.so+0x81e740], sa_mask[0]=0x7ffbfeff, sa_flags=0x10000004
SIGXFSZ: [libjvm.so+0x81e740], sa_mask[0]=0x7ffbfeff, sa_flags=0x10000004
SIGILL: [libjvm.so+0x81e740], sa_mask[0]=0x7ffbfeff, sa_flags=0x10000004
SIGUSR1: SIG_DFL, sa_mask[0]=0x00000000, sa_flags=0x00000000
SIGUSR2: [libjvm.so+0x81ffb0], sa_mask[0]=0x00000004, sa_flags=0x10000004
SIGHUP: SIG_DFL, sa_mask[0]=0x00000000, sa_flags=0x00000000
SIGINT: SIG_DFL, sa_mask[0]=0x00000000, sa_flags=0x00000000
SIGTERM: SIG_DFL, sa_mask[0]=0x00000000, sa_flags=0x00000000
SIGQUIT: SIG_DFL, sa_mask[0]=0x00000000, sa_flags=0x00000000


---------------  S Y S T E M  ---------------

OS:stretch/sid

uname:Linux 4.4.0-109-generic #132-Ubuntu SMP Tue Jan 9 19:52:39 UTC 2018 x86_64
libc:glibc 2.23 NPTL 2.23 
rlimit: STACK 8192k, CORE 0k, NPROC 30716, NOFILE 1048576, AS infinity
load average:0.94 0.63 0.59

/proc/meminfo:
MemTotal:        8089292 kB
MemFree:          297084 kB
MemAvailable:     499008 kB
Buffers:           72088 kB
Cached:           717444 kB
SwapCached:        89364 kB
Active:          5904736 kB
Inactive:        1343296 kB
Active(anon):    5688684 kB
Inactive(anon):  1225024 kB
Active(file):     216052 kB
Inactive(file):   118272 kB
Unevictable:         520 kB
Mlocked:             520 kB
SwapTotal:       8265724 kB
SwapFree:         415872 kB
Dirty:               604 kB
Writeback:             0 kB
AnonPages:       6373724 kB
Mapped:           473004 kB
Shmem:            455244 kB
Slab:             250456 kB
SReclaimable:     172532 kB
SUnreclaim:        77924 kB
KernelStack:       31088 kB
PageTables:       149832 kB
NFS_Unstable:          0 kB
Bounce:                0 kB
WritebackTmp:          0 kB
CommitLimit:    12310368 kB
Committed_AS:   30707620 kB
VmallocTotal:   34359738367 kB
VmallocUsed:           0 kB
VmallocChunk:          0 kB
HardwareCorrupted:     0 kB
AnonHugePages:    708608 kB
CmaTotal:              0 kB
CmaFree:               0 kB
HugePages_Total:       0
HugePages_Free:        0
HugePages_Rsvd:        0
HugePages_Surp:        0
Hugepagesize:       2048 kB
DirectMap4k:      385324 kB
DirectMap2M:     7917568 kB
DirectMap1G:           0 kB


CPU:total 4 (2 cores per cpu, 2 threads per core) family 6 model 69 stepping 1, cmov, cx8, fxsr, mmx, sse, sse2, sse3, ssse3, sse4.1, sse4.2, popcnt, avx, avx2, aes, erms, ht, tsc, tscinvbit

/proc/cpuinfo:
processor	: 0
vendor_id	: GenuineIntel
cpu family	: 6
model		: 69
model name	: Intel(R) Core(TM) i7-4510U CPU @ 2.00GHz
stepping	: 1
microcode	: 0x20
cpu MHz		: 2799.671
cache size	: 4096 KB
physical id	: 0
siblings	: 4
core id		: 0
cpu cores	: 2
apicid		: 0
initial apicid	: 0
fpu		: yes
fpu_exception	: yes
cpuid level	: 13
wp		: yes
flags		: fpu vme de pse tsc msr pae mce cx8 apic sep mtrr pge mca cmov pat pse36 clflush dts acpi mmx fxsr sse sse2 ss ht tm pbe syscall nx pdpe1gb rdtscp lm constant_tsc arch_perfmon pebs bts rep_good nopl xtopology nonstop_tsc aperfmperf eagerfpu pni pclmulqdq dtes64 monitor ds_cpl vmx est tm2 ssse3 sdbg fma cx16 xtpr pdcm pcid sse4_1 sse4_2 movbe popcnt tsc_deadline_timer aes xsave avx f16c rdrand lahf_lm abm epb invpcid_single kaiser tpr_shadow vnmi flexpriority ept vpid fsgsbase tsc_adjust bmi1 avx2 smep bmi2 erms invpcid xsaveopt dtherm ida arat pln pts
bugs		:
bogomips	: 5187.74
clflush size	: 64
cache_alignment	: 64
address sizes	: 39 bits physical, 48 bits virtual
power management:

processor	: 1
vendor_id	: GenuineIntel
cpu family	: 6
model		: 69
model name	: Intel(R) Core(TM) i7-4510U CPU @ 2.00GHz
stepping	: 1
microcode	: 0x20
cpu MHz		: 2786.468
cache size	: 4096 KB
physical id	: 0
siblings	: 4
core id		: 1
cpu cores	: 2
apicid		: 2
initial apicid	: 2
fpu		: yes
fpu_exception	: yes
cpuid level	: 13
wp		: yes
flags		: fpu vme de pse tsc msr pae mce cx8 apic sep mtrr pge mca cmov pat pse36 clflush dts acpi mmx fxsr sse sse2 ss ht tm pbe syscall nx pdpe1gb rdtscp lm constant_tsc arch_perfmon pebs bts rep_good nopl xtopology nonstop_tsc aperfmperf eagerfpu pni pclmulqdq dtes64 monitor ds_cpl vmx est tm2 ssse3 sdbg fma cx16 xtpr pdcm pcid sse4_1 sse4_2 movbe popcnt tsc_deadline_timer aes xsave avx f16c rdrand lahf_lm abm epb invpcid_single kaiser tpr_shadow vnmi flexpriority ept vpid fsgsbase tsc_adjust bmi1 avx2 smep bmi2 erms invpcid xsaveopt dtherm ida arat pln pts
bugs		:
bogomips	: 5187.74
clflush size	: 64
cache_alignment	: 64
address sizes	: 39 bits physical, 48 bits virtual
power management:

processor	: 2
vendor_id	: GenuineIntel
cpu family	: 6
model		: 69
model name	: Intel(R) Core(TM) i7-4510U CPU @ 2.00GHz
stepping	: 1
microcode	: 0x20
cpu MHz		: 2799.773
cache size	: 4096 KB
physical id	: 0
siblings	: 4
core id		: 0
cpu cores	: 2
apicid		: 1
initial apicid	: 1
fpu		: yes
fpu_exception	: yes
cpuid level	: 13
wp		: yes
flags		: fpu vme de pse tsc msr pae mce cx8 apic sep mtrr pge mca cmov pat pse36 clflush dts acpi mmx fxsr sse sse2 ss ht tm pbe syscall nx pdpe1gb rdtscp lm constant_tsc arch_perfmon pebs bts rep_good nopl xtopology nonstop_tsc aperfmperf eagerfpu pni pclmulqdq dtes64 monitor ds_cpl vmx est tm2 ssse3 sdbg fma cx16 xtpr pdcm pcid sse4_1 sse4_2 movbe popcnt tsc_deadline_timer aes xsave avx f16c rdrand lahf_lm abm epb invpcid_single kaiser tpr_shadow vnmi flexpriority ept vpid fsgsbase tsc_adjust bmi1 avx2 smep bmi2 erms invpcid xsaveopt dtherm ida arat pln pts
bugs		:
bogomips	: 5187.74
clflush size	: 64
cache_alignment	: 64
address sizes	: 39 bits physical, 48 bits virtual
power management:

processor	: 3
vendor_id	: GenuineIntel
cpu family	: 6
model		: 69
model name	: Intel(R) Core(TM) i7-4510U CPU @ 2.00GHz
stepping	: 1
microcode	: 0x20
cpu MHz		: 2799.570
cache size	: 4096 KB
physical id	: 0
siblings	: 4
core id		: 1
cpu cores	: 2
apicid		: 3
initial apicid	: 3
fpu		: yes
fpu_exception	: yes
cpuid level	: 13
wp		: yes
flags		: fpu vme de pse tsc msr pae mce cx8 apic sep mtrr pge mca cmov pat pse36 clflush dts acpi mmx fxsr sse sse2 ss ht tm pbe syscall nx pdpe1gb rdtscp lm constant_tsc arch_perfmon pebs bts rep_good nopl xtopology nonstop_tsc aperfmperf eagerfpu pni pclmulqdq dtes64 monitor ds_cpl vmx est tm2 ssse3 sdbg fma cx16 xtpr pdcm pcid sse4_1 sse4_2 movbe popcnt tsc_deadline_timer aes xsave avx f16c rdrand lahf_lm abm epb invpcid_single kaiser tpr_shadow vnmi flexpriority ept vpid fsgsbase tsc_adjust bmi1 avx2 smep bmi2 erms invpcid xsaveopt dtherm ida arat pln pts
bugs		:
bogomips	: 5187.74
clflush size	: 64
cache_alignment	: 64
address sizes	: 39 bits physical, 48 bits virtual
power management:



Memory: 4k page, physical 8089292k(296836k free), swap 8265724k(415872k free)

vm_info: Java HotSpot(TM) 64-Bit Server VM (24.80-b11) for linux-amd64 JRE (1.7.0_80-b15), built on Apr 10 2015 19:53:14 by "java_re" with gcc 4.3.0 20080428 (Red Hat 4.3.0-8)

time: Thu Jan 11 17:30:44 2018
elapsed time: 0 seconds

