#
# There is insufficient memory for the Java Runtime Environment to continue.
# Native memory allocation (malloc) failed to allocate 716177408 bytes for committing reserved memory.
# Possible reasons:
#   The system is out of physical RAM or swap space
#   In 32 bit mode, the process size limit was hit
# Possible solutions:
#   Reduce memory load on the system
#   Increase physical memory or swap space
#   Check if swap backing store is full
#   Use 64 bit Java on a 64 bit OS
#   Decrease Java heap size (-Xmx/-Xms)
#   Decrease number of Java threads
#   Decrease Java thread stack sizes (-Xss)
#   Set larger code cache with -XX:ReservedCodeCacheSize=
# This output file may be truncated or incomplete.
#
#  Out of Memory Error (os_linux.cpp:2756), pid=4311, tid=139977324386048
#
# JRE version:  (7.0_80-b15) (build )
# Java VM: Java HotSpot(TM) 64-Bit Server VM (24.80-b11 mixed mode linux-amd64 compressed oops)
# Failed to write core dump. Core dumps have been disabled. To enable core dumping, try "ulimit -c unlimited" before starting Java again
#

---------------  T H R E A D  ---------------

Current thread (0x00007f4efc00a800):  JavaThread "Unknown thread" [_thread_in_vm, id=4313, stack(0x00007f4f02a25000,0x00007f4f02b26000)]

Stack: [0x00007f4f02a25000,0x00007f4f02b26000],  sp=0x00007f4f02b242c0,  free space=1020k
Native frames: (J=compiled Java code, j=interpreted, Vv=VM code, C=native code)
V  [libjvm.so+0x9a320a]  VMError::report_and_die()+0x2ea
V  [libjvm.so+0x498d3b]  report_vm_out_of_memory(char const*, int, unsigned long, char const*)+0x9b
V  [libjvm.so+0x82191e]  os::Linux::commit_memory_impl(char*, unsigned long, bool)+0xfe
V  [libjvm.so+0x821e69]  os::pd_commit_memory(char*, unsigned long, unsigned long, bool)+0x29
V  [libjvm.so+0x81bb6a]  os::commit_memory(char*, unsigned long, unsigned long, bool)+0x2a
V  [libjvm.so+0x88d623]  PSVirtualSpace::expand_by(unsigned long)+0x53
V  [libjvm.so+0x88e5b9]  PSYoungGen::initialize_virtual_space(ReservedSpace, unsigned long)+0x89
V  [libjvm.so+0x88ef30]  PSYoungGen::initialize(ReservedSpace, unsigned long)+0x50
V  [libjvm.so+0x29ac77]  AdjoiningGenerations::AdjoiningGenerations(ReservedSpace, unsigned long, unsigned long, unsigned long, unsigned long, unsigned long, unsigned long, unsigned long)+0x377
V  [libjvm.so+0x843215]  ParallelScavengeHeap::initialize()+0x4d5
V  [libjvm.so+0x97509a]  Universe::initialize_heap()+0xca
V  [libjvm.so+0x976269]  universe_init()+0x79
V  [libjvm.so+0x5b2f25]  init_globals()+0x65
V  [libjvm.so+0x95db4d]  Threads::create_vm(JavaVMInitArgs*, bool*)+0x1ed
V  [libjvm.so+0x63b2e4]  JNI_CreateJavaVM+0x74
C  [libjli.so+0x2f8e]  JavaMain+0x9e


---------------  P R O C E S S  ---------------

Java Threads: ( => current thread )

Other Threads:

=>0x00007f4efc00a800 (exited) JavaThread "Unknown thread" [_thread_in_vm, id=4313, stack(0x00007f4f02a25000,0x00007f4f02b26000)]

VM state:not at safepoint (not fully initialized)

VM Mutex/Monitor currently owned by a thread: None

GC Heap History (0 events):
No events

Deoptimization events (0 events):
No events

Internal exceptions (0 events):
No events

Events (0 events):
No events


Dynamic libraries:
00400000-00401000 r-xp 00000000 08:02 12979744                           /opt/jdk1.7.0_80/bin/java
00600000-00601000 rw-p 00000000 08:02 12979744                           /opt/jdk1.7.0_80/bin/java
014cd000-014ee000 rw-p 00000000 00:00 0                                  [heap]
680000000-7aaa80000 rw-p 00000000 00:00 0 
7d5580000-800000000 rw-p 00000000 00:00 0 
7f4ef7e68000-7f4ef7fd5000 rw-p 00000000 00:00 0 
7f4ef7fd5000-7f4ef8bd5000 rw-p 00000000 00:00 0 
7f4ef8bd5000-7f4ef8bd6000 rw-p 00000000 00:00 0 
7f4ef8bd6000-7f4ef8e46000 rwxp 00000000 00:00 0 
7f4ef8e46000-7f4efbbd6000 rw-p 00000000 00:00 0 
7f4efbbd6000-7f4efbbed000 r-xp 00000000 08:02 12323855                   /opt/jdk1.7.0_80/jre/lib/amd64/libzip.so
7f4efbbed000-7f4efbded000 ---p 00017000 08:02 12323855                   /opt/jdk1.7.0_80/jre/lib/amd64/libzip.so
7f4efbded000-7f4efbdee000 rw-p 00017000 08:02 12323855                   /opt/jdk1.7.0_80/jre/lib/amd64/libzip.so
7f4efbdee000-7f4efbdf9000 r-xp 00000000 08:02 5768192                    /lib/x86_64-linux-gnu/libnss_files-2.23.so
7f4efbdf9000-7f4efbff8000 ---p 0000b000 08:02 5768192                    /lib/x86_64-linux-gnu/libnss_files-2.23.so
7f4efbff8000-7f4efbff9000 r--p 0000a000 08:02 5768192                    /lib/x86_64-linux-gnu/libnss_files-2.23.so
7f4efbff9000-7f4efbffa000 rw-p 0000b000 08:02 5768192                    /lib/x86_64-linux-gnu/libnss_files-2.23.so
7f4efbffa000-7f4efc000000 rw-p 00000000 00:00 0 
7f4efc000000-7f4efc027000 rw-p 00000000 00:00 0 
7f4efc027000-7f4f00000000 ---p 00000000 00:00 0 
7f4f00059000-7f4f00135000 rw-p 00000000 00:00 0 
7f4f00135000-7f4f00140000 r-xp 00000000 08:02 5768213                    /lib/x86_64-linux-gnu/libnss_nis-2.23.so
7f4f00140000-7f4f0033f000 ---p 0000b000 08:02 5768213                    /lib/x86_64-linux-gnu/libnss_nis-2.23.so
7f4f0033f000-7f4f00340000 r--p 0000a000 08:02 5768213                    /lib/x86_64-linux-gnu/libnss_nis-2.23.so
7f4f00340000-7f4f00341000 rw-p 0000b000 08:02 5768213                    /lib/x86_64-linux-gnu/libnss_nis-2.23.so
7f4f00341000-7f4f00357000 r-xp 00000000 08:02 5767423                    /lib/x86_64-linux-gnu/libnsl-2.23.so
7f4f00357000-7f4f00556000 ---p 00016000 08:02 5767423                    /lib/x86_64-linux-gnu/libnsl-2.23.so
7f4f00556000-7f4f00557000 r--p 00015000 08:02 5767423                    /lib/x86_64-linux-gnu/libnsl-2.23.so
7f4f00557000-7f4f00558000 rw-p 00016000 08:02 5767423                    /lib/x86_64-linux-gnu/libnsl-2.23.so
7f4f00558000-7f4f0055a000 rw-p 00000000 00:00 0 
7f4f0055a000-7f4f00562000 r-xp 00000000 08:02 5768256                    /lib/x86_64-linux-gnu/libnss_compat-2.23.so
7f4f00562000-7f4f00761000 ---p 00008000 08:02 5768256                    /lib/x86_64-linux-gnu/libnss_compat-2.23.so
7f4f00761000-7f4f00762000 r--p 00007000 08:02 5768256                    /lib/x86_64-linux-gnu/libnss_compat-2.23.so
7f4f00762000-7f4f00763000 rw-p 00008000 08:02 5768256                    /lib/x86_64-linux-gnu/libnss_compat-2.23.so
7f4f00763000-7f4f0078c000 r-xp 00000000 08:02 12323821                   /opt/jdk1.7.0_80/jre/lib/amd64/libjava.so
7f4f0078c000-7f4f0098c000 ---p 00029000 08:02 12323821                   /opt/jdk1.7.0_80/jre/lib/amd64/libjava.so
7f4f0098c000-7f4f0098e000 rw-p 00029000 08:02 12323821                   /opt/jdk1.7.0_80/jre/lib/amd64/libjava.so
7f4f0098e000-7f4f0099b000 r-xp 00000000 08:02 12323848                   /opt/jdk1.7.0_80/jre/lib/amd64/libverify.so
7f4f0099b000-7f4f00b9a000 ---p 0000d000 08:02 12323848                   /opt/jdk1.7.0_80/jre/lib/amd64/libverify.so
7f4f00b9a000-7f4f00b9c000 rw-p 0000c000 08:02 12323848                   /opt/jdk1.7.0_80/jre/lib/amd64/libverify.so
7f4f00b9c000-7f4f00ba3000 r-xp 00000000 08:02 5768217                    /lib/x86_64-linux-gnu/librt-2.23.so
7f4f00ba3000-7f4f00da2000 ---p 00007000 08:02 5768217                    /lib/x86_64-linux-gnu/librt-2.23.so
7f4f00da2000-7f4f00da3000 r--p 00006000 08:02 5768217                    /lib/x86_64-linux-gnu/librt-2.23.so
7f4f00da3000-7f4f00da4000 rw-p 00007000 08:02 5768217                    /lib/x86_64-linux-gnu/librt-2.23.so
7f4f00da4000-7f4f00eac000 r-xp 00000000 08:02 5768323                    /lib/x86_64-linux-gnu/libm-2.23.so
7f4f00eac000-7f4f010ab000 ---p 00108000 08:02 5768323                    /lib/x86_64-linux-gnu/libm-2.23.so
7f4f010ab000-7f4f010ac000 r--p 00107000 08:02 5768323                    /lib/x86_64-linux-gnu/libm-2.23.so
7f4f010ac000-7f4f010ad000 rw-p 00108000 08:02 5768323                    /lib/x86_64-linux-gnu/libm-2.23.so
7f4f010ad000-7f4f01c23000 r-xp 00000000 08:02 12323875                   /opt/jdk1.7.0_80/jre/lib/amd64/server/libjvm.so
7f4f01c23000-7f4f01e22000 ---p 00b76000 08:02 12323875                   /opt/jdk1.7.0_80/jre/lib/amd64/server/libjvm.so
7f4f01e22000-7f4f01ee6000 rw-p 00b75000 08:02 12323875                   /opt/jdk1.7.0_80/jre/lib/amd64/server/libjvm.so
7f4f01ee6000-7f4f01f27000 rw-p 00000000 00:00 0 
7f4f01f27000-7f4f020e7000 r-xp 00000000 08:02 5768354                    /lib/x86_64-linux-gnu/libc-2.23.so
7f4f020e7000-7f4f022e7000 ---p 001c0000 08:02 5768354                    /lib/x86_64-linux-gnu/libc-2.23.so
7f4f022e7000-7f4f022eb000 r--p 001c0000 08:02 5768354                    /lib/x86_64-linux-gnu/libc-2.23.so
7f4f022eb000-7f4f022ed000 rw-p 001c4000 08:02 5768354                    /lib/x86_64-linux-gnu/libc-2.23.so
7f4f022ed000-7f4f022f1000 rw-p 00000000 00:00 0 
7f4f022f1000-7f4f022f4000 r-xp 00000000 08:02 5768255                    /lib/x86_64-linux-gnu/libdl-2.23.so
7f4f022f4000-7f4f024f3000 ---p 00003000 08:02 5768255                    /lib/x86_64-linux-gnu/libdl-2.23.so
7f4f024f3000-7f4f024f4000 r--p 00002000 08:02 5768255                    /lib/x86_64-linux-gnu/libdl-2.23.so
7f4f024f4000-7f4f024f5000 rw-p 00003000 08:02 5768255                    /lib/x86_64-linux-gnu/libdl-2.23.so
7f4f024f5000-7f4f0250a000 r-xp 00000000 08:02 12586788                   /opt/jdk1.7.0_80/lib/amd64/jli/libjli.so
7f4f0250a000-7f4f02709000 ---p 00015000 08:02 12586788                   /opt/jdk1.7.0_80/lib/amd64/jli/libjli.so
7f4f02709000-7f4f0270a000 rw-p 00014000 08:02 12586788                   /opt/jdk1.7.0_80/lib/amd64/jli/libjli.so
7f4f0270a000-7f4f02722000 r-xp 00000000 08:02 5768212                    /lib/x86_64-linux-gnu/libpthread-2.23.so
7f4f02722000-7f4f02921000 ---p 00018000 08:02 5768212                    /lib/x86_64-linux-gnu/libpthread-2.23.so
7f4f02921000-7f4f02922000 r--p 00017000 08:02 5768212                    /lib/x86_64-linux-gnu/libpthread-2.23.so
7f4f02922000-7f4f02923000 rw-p 00018000 08:02 5768212                    /lib/x86_64-linux-gnu/libpthread-2.23.so
7f4f02923000-7f4f02927000 rw-p 00000000 00:00 0 
7f4f02927000-7f4f0294d000 r-xp 00000000 08:02 5768179                    /lib/x86_64-linux-gnu/ld-2.23.so
7f4f02965000-7f4f0296f000 rw-p 00000000 00:00 0 
7f4f0296f000-7f4f02a25000 rw-p 00000000 00:00 0 
7f4f02a25000-7f4f02a28000 ---p 00000000 00:00 0 
7f4f02a28000-7f4f02b2a000 rw-p 00000000 00:00 0 
7f4f02b40000-7f4f02b48000 rw-s 00000000 08:02 5642326                    /tmp/hsperfdata_colaborador/4311
7f4f02b48000-7f4f02b49000 rw-p 00000000 00:00 0 
7f4f02b49000-7f4f02b4a000 r--p 00000000 00:00 0 
7f4f02b4a000-7f4f02b4c000 rw-p 00000000 00:00 0 
7f4f02b4c000-7f4f02b4d000 r--p 00025000 08:02 5768179                    /lib/x86_64-linux-gnu/ld-2.23.so
7f4f02b4d000-7f4f02b4e000 rw-p 00026000 08:02 5768179                    /lib/x86_64-linux-gnu/ld-2.23.so
7f4f02b4e000-7f4f02b4f000 rw-p 00000000 00:00 0 
7ffee4f80000-7ffee4fa1000 rw-p 00000000 00:00 0                          [stack]
7ffee4fa4000-7ffee4fa7000 r--p 00000000 00:00 0                          [vvar]
7ffee4fa7000-7ffee4fa9000 r-xp 00000000 00:00 0                          [vdso]
ffffffffff600000-ffffffffff601000 r-xp 00000000 00:00 0                  [vsyscall]

VM Arguments:
jvm_args: -Dprogram.name=JBossTools: Red Hat JBoss EAP 6.1+ -Xms2048m -Xmx4096m -XX:MaxPermSize=2048m -Dorg.jboss.resolver.warning=true -Djava.net.preferIPv4Stack=true -Dsun.rmi.dgc.client.gcInterval=3600000 -Dsun.rmi.dgc.server.gcInterval=3600000 -Djboss.modules.system.pkgs=org.jboss.byteman -Djava.awt.headless=true -Dorg.jboss.boot.log.file=/home/colaborador/ambiente_java/EAP-6.4-digital-homo/standalone/log/boot.log -Dlogging.configuration=file:/home/colaborador/ambiente_java/EAP-6.4-digital-homo/standalone/configuration/logging.properties -Djboss.home.dir=/home/colaborador/ambiente_java/EAP-6.4-digital-homo -Dorg.jboss.logmanager.nocolor=true -Djboss.bind.address.management=localhost -Dfile.encoding=UTF-8 
java_command: org.jboss.modules.Main -mp /home/colaborador/ambiente_java/EAP-6.4-digital-homo/modules -jaxpmodule javax.xml.jaxp-provider -jaxpmodule javax.xml.jaxp-provider org.jboss.as.standalone -b 0.0.0.0 --server-config=standalone.xml -Djboss.server.base.dir=/home/colaborador/ambiente_java/EAP-6.4-digital-homo/standalone
Launcher Type: SUN_STANDARD

Environment Variables:
JAVA_HOME=/opt/jdk1.7.0_80
PATH=native:/opt/jdk1.7.0_80/bin:/usr/local/sbin:/usr/local/bin:/usr/sbin:/usr/bin:/sbin:/bin:/usr/games:/usr/local/games:/snap/bin:/opt/p4v/bin:
SHELL=/bin/bash
DISPLAY=:0

Signal Handlers:
SIGSEGV: [libjvm.so+0x9a3b20], sa_mask[0]=0x7ffbfeff, sa_flags=0x10000004
SIGBUS: [libjvm.so+0x9a3b20], sa_mask[0]=0x7ffbfeff, sa_flags=0x10000004
SIGFPE: [libjvm.so+0x81e740], sa_mask[0]=0x7ffbfeff, sa_flags=0x10000004
SIGPIPE: [libjvm.so+0x81e740], sa_mask[0]=0x7ffbfeff, sa_flags=0x10000004
SIGXFSZ: [libjvm.so+0x81e740], sa_mask[0]=0x7ffbfeff, sa_flags=0x10000004
SIGILL: [libjvm.so+0x81e740], sa_mask[0]=0x7ffbfeff, sa_flags=0x10000004
SIGUSR1: SIG_DFL, sa_mask[0]=0x00000000, sa_flags=0x00000000
SIGUSR2: [libjvm.so+0x81ffb0], sa_mask[0]=0x00000004, sa_flags=0x10000004
SIGHUP: SIG_DFL, sa_mask[0]=0x00000000, sa_flags=0x00000000
SIGINT: SIG_DFL, sa_mask[0]=0x00000000, sa_flags=0x00000000
SIGTERM: SIG_DFL, sa_mask[0]=0x00000000, sa_flags=0x00000000
SIGQUIT: SIG_DFL, sa_mask[0]=0x00000000, sa_flags=0x00000000


---------------  S Y S T E M  ---------------

OS:stretch/sid

uname:Linux 4.4.0-109-generic #132-Ubuntu SMP Tue Jan 9 19:52:39 UTC 2018 x86_64
libc:glibc 2.23 NPTL 2.23 
rlimit: STACK 8192k, CORE 0k, NPROC 30716, NOFILE 1048576, AS infinity
load average:0.46 0.54 0.57

/proc/meminfo:
MemTotal:        8089292 kB
MemFree:          132968 kB
MemAvailable:     290028 kB
Buffers:           85848 kB
Cached:           658324 kB
SwapCached:        43092 kB
Active:          6102852 kB
Inactive:        1303028 kB
Active(anon):    5936936 kB
Inactive(anon):  1178564 kB
Active(file):     165916 kB
Inactive(file):   124464 kB
Unevictable:         520 kB
Mlocked:             520 kB
SwapTotal:       8265724 kB
SwapFree:         168872 kB
Dirty:               384 kB
Writeback:             0 kB
AnonPages:       6625108 kB
Mapped:           447056 kB
Shmem:            453188 kB
Slab:             249568 kB
SReclaimable:     171612 kB
SUnreclaim:        77956 kB
KernelStack:       32640 kB
PageTables:       154440 kB
NFS_Unstable:          0 kB
Bounce:                0 kB
WritebackTmp:          0 kB
CommitLimit:    12310368 kB
Committed_AS:   30899812 kB
VmallocTotal:   34359738367 kB
VmallocUsed:           0 kB
VmallocChunk:          0 kB
HardwareCorrupted:     0 kB
AnonHugePages:    784384 kB
CmaTotal:              0 kB
CmaFree:               0 kB
HugePages_Total:       0
HugePages_Free:        0
HugePages_Rsvd:        0
HugePages_Surp:        0
Hugepagesize:       2048 kB
DirectMap4k:      383276 kB
DirectMap2M:     7919616 kB
DirectMap1G:           0 kB


CPU:total 4 (2 cores per cpu, 2 threads per core) family 6 model 69 stepping 1, cmov, cx8, fxsr, mmx, sse, sse2, sse3, ssse3, sse4.1, sse4.2, popcnt, avx, avx2, aes, erms, ht, tsc, tscinvbit

/proc/cpuinfo:
processor	: 0
vendor_id	: GenuineIntel
cpu family	: 6
model		: 69
model name	: Intel(R) Core(TM) i7-4510U CPU @ 2.00GHz
stepping	: 1
microcode	: 0x20
cpu MHz		: 2072.078
cache size	: 4096 KB
physical id	: 0
siblings	: 4
core id		: 0
cpu cores	: 2
apicid		: 0
initial apicid	: 0
fpu		: yes
fpu_exception	: yes
cpuid level	: 13
wp		: yes
flags		: fpu vme de pse tsc msr pae mce cx8 apic sep mtrr pge mca cmov pat pse36 clflush dts acpi mmx fxsr sse sse2 ss ht tm pbe syscall nx pdpe1gb rdtscp lm constant_tsc arch_perfmon pebs bts rep_good nopl xtopology nonstop_tsc aperfmperf eagerfpu pni pclmulqdq dtes64 monitor ds_cpl vmx est tm2 ssse3 sdbg fma cx16 xtpr pdcm pcid sse4_1 sse4_2 movbe popcnt tsc_deadline_timer aes xsave avx f16c rdrand lahf_lm abm epb invpcid_single kaiser tpr_shadow vnmi flexpriority ept vpid fsgsbase tsc_adjust bmi1 avx2 smep bmi2 erms invpcid xsaveopt dtherm ida arat pln pts
bugs		:
bogomips	: 5187.74
clflush size	: 64
cache_alignment	: 64
address sizes	: 39 bits physical, 48 bits virtual
power management:

processor	: 1
vendor_id	: GenuineIntel
cpu family	: 6
model		: 69
model name	: Intel(R) Core(TM) i7-4510U CPU @ 2.00GHz
stepping	: 1
microcode	: 0x20
cpu MHz		: 2064.257
cache size	: 4096 KB
physical id	: 0
siblings	: 4
core id		: 1
cpu cores	: 2
apicid		: 2
initial apicid	: 2
fpu		: yes
fpu_exception	: yes
cpuid level	: 13
wp		: yes
flags		: fpu vme de pse tsc msr pae mce cx8 apic sep mtrr pge mca cmov pat pse36 clflush dts acpi mmx fxsr sse sse2 ss ht tm pbe syscall nx pdpe1gb rdtscp lm constant_tsc arch_perfmon pebs bts rep_good nopl xtopology nonstop_tsc aperfmperf eagerfpu pni pclmulqdq dtes64 monitor ds_cpl vmx est tm2 ssse3 sdbg fma cx16 xtpr pdcm pcid sse4_1 sse4_2 movbe popcnt tsc_deadline_timer aes xsave avx f16c rdrand lahf_lm abm epb invpcid_single kaiser tpr_shadow vnmi flexpriority ept vpid fsgsbase tsc_adjust bmi1 avx2 smep bmi2 erms invpcid xsaveopt dtherm ida arat pln pts
bugs		:
bogomips	: 5187.74
clflush size	: 64
cache_alignment	: 64
address sizes	: 39 bits physical, 48 bits virtual
power management:

processor	: 2
vendor_id	: GenuineIntel
cpu family	: 6
model		: 69
model name	: Intel(R) Core(TM) i7-4510U CPU @ 2.00GHz
stepping	: 1
microcode	: 0x20
cpu MHz		: 2051.562
cache size	: 4096 KB
physical id	: 0
siblings	: 4
core id		: 0
cpu cores	: 2
apicid		: 1
initial apicid	: 1
fpu		: yes
fpu_exception	: yes
cpuid level	: 13
wp		: yes
flags		: fpu vme de pse tsc msr pae mce cx8 apic sep mtrr pge mca cmov pat pse36 clflush dts acpi mmx fxsr sse sse2 ss ht tm pbe syscall nx pdpe1gb rdtscp lm constant_tsc arch_perfmon pebs bts rep_good nopl xtopology nonstop_tsc aperfmperf eagerfpu pni pclmulqdq dtes64 monitor ds_cpl vmx est tm2 ssse3 sdbg fma cx16 xtpr pdcm pcid sse4_1 sse4_2 movbe popcnt tsc_deadline_timer aes xsave avx f16c rdrand lahf_lm abm epb invpcid_single kaiser tpr_shadow vnmi flexpriority ept vpid fsgsbase tsc_adjust bmi1 avx2 smep bmi2 erms invpcid xsaveopt dtherm ida arat pln pts
bugs		:
bogomips	: 5187.74
clflush size	: 64
cache_alignment	: 64
address sizes	: 39 bits physical, 48 bits virtual
power management:

processor	: 3
vendor_id	: GenuineIntel
cpu family	: 6
model		: 69
model name	: Intel(R) Core(TM) i7-4510U CPU @ 2.00GHz
stepping	: 1
microcode	: 0x20
cpu MHz		: 2075.429
cache size	: 4096 KB
physical id	: 0
siblings	: 4
core id		: 1
cpu cores	: 2
apicid		: 3
initial apicid	: 3
fpu		: yes
fpu_exception	: yes
cpuid level	: 13
wp		: yes
flags		: fpu vme de pse tsc msr pae mce cx8 apic sep mtrr pge mca cmov pat pse36 clflush dts acpi mmx fxsr sse sse2 ss ht tm pbe syscall nx pdpe1gb rdtscp lm constant_tsc arch_perfmon pebs bts rep_good nopl xtopology nonstop_tsc aperfmperf eagerfpu pni pclmulqdq dtes64 monitor ds_cpl vmx est tm2 ssse3 sdbg fma cx16 xtpr pdcm pcid sse4_1 sse4_2 movbe popcnt tsc_deadline_timer aes xsave avx f16c rdrand lahf_lm abm epb invpcid_single kaiser tpr_shadow vnmi flexpriority ept vpid fsgsbase tsc_adjust bmi1 avx2 smep bmi2 erms invpcid xsaveopt dtherm ida arat pln pts
bugs		:
bogomips	: 5187.74
clflush size	: 64
cache_alignment	: 64
address sizes	: 39 bits physical, 48 bits virtual
power management:



Memory: 4k page, physical 8089292k(132968k free), swap 8265724k(168884k free)

vm_info: Java HotSpot(TM) 64-Bit Server VM (24.80-b11) for linux-amd64 JRE (1.7.0_80-b15), built on Apr 10 2015 19:53:14 by "java_re" with gcc 4.3.0 20080428 (Red Hat 4.3.0-8)

time: Thu Jan 11 17:27:36 2018
elapsed time: 0 seconds

