#
# There is insufficient memory for the Java Runtime Environment to continue.
# Native memory allocation (malloc) failed to allocate 1431830528 bytes for committing reserved memory.
# Possible reasons:
#   The system is out of physical RAM or swap space
#   In 32 bit mode, the process size limit was hit
# Possible solutions:
#   Reduce memory load on the system
#   Increase physical memory or swap space
#   Check if swap backing store is full
#   Use 64 bit Java on a 64 bit OS
#   Decrease Java heap size (-Xmx/-Xms)
#   Decrease number of Java threads
#   Decrease Java thread stack sizes (-Xss)
#   Set larger code cache with -XX:ReservedCodeCacheSize=
# This output file may be truncated or incomplete.
#
#  Out of Memory Error (os_linux.cpp:2756), pid=4474, tid=140501369558784
#
# JRE version:  (7.0_80-b15) (build )
# Java VM: Java HotSpot(TM) 64-Bit Server VM (24.80-b11 mixed mode linux-amd64 compressed oops)
# Failed to write core dump. Core dumps have been disabled. To enable core dumping, try "ulimit -c unlimited" before starting Java again
#

---------------  T H R E A D  ---------------

Current thread (0x00007fc90000a800):  JavaThread "Unknown thread" [_thread_in_vm, id=4480, stack(0x00007fc906291000,0x00007fc906392000)]

Stack: [0x00007fc906291000,0x00007fc906392000],  sp=0x00007fc906390270,  free space=1020k
Native frames: (J=compiled Java code, j=interpreted, Vv=VM code, C=native code)
V  [libjvm.so+0x9a320a]  VMError::report_and_die()+0x2ea
V  [libjvm.so+0x498d3b]  report_vm_out_of_memory(char const*, int, unsigned long, char const*)+0x9b
V  [libjvm.so+0x82191e]  os::Linux::commit_memory_impl(char*, unsigned long, bool)+0xfe
V  [libjvm.so+0x821e69]  os::pd_commit_memory(char*, unsigned long, unsigned long, bool)+0x29
V  [libjvm.so+0x81bb6a]  os::commit_memory(char*, unsigned long, unsigned long, bool)+0x2a
V  [libjvm.so+0x88d623]  PSVirtualSpace::expand_by(unsigned long)+0x53
V  [libjvm.so+0x87c293]  PSOldGen::initialize(ReservedSpace, unsigned long, char const*, int)+0x103
V  [libjvm.so+0x29ace3]  AdjoiningGenerations::AdjoiningGenerations(ReservedSpace, unsigned long, unsigned long, unsigned long, unsigned long, unsigned long, unsigned long, unsigned long)+0x3e3
V  [libjvm.so+0x843215]  ParallelScavengeHeap::initialize()+0x4d5
V  [libjvm.so+0x97509a]  Universe::initialize_heap()+0xca
V  [libjvm.so+0x976269]  universe_init()+0x79
V  [libjvm.so+0x5b2f25]  init_globals()+0x65
V  [libjvm.so+0x95db4d]  Threads::create_vm(JavaVMInitArgs*, bool*)+0x1ed
V  [libjvm.so+0x63b2e4]  JNI_CreateJavaVM+0x74
C  [libjli.so+0x2f8e]  JavaMain+0x9e


---------------  P R O C E S S  ---------------

Java Threads: ( => current thread )

Other Threads:

=>0x00007fc90000a800 (exited) JavaThread "Unknown thread" [_thread_in_vm, id=4480, stack(0x00007fc906291000,0x00007fc906392000)]

VM state:not at safepoint (not fully initialized)

VM Mutex/Monitor currently owned by a thread: None

GC Heap History (0 events):
No events

Deoptimization events (0 events):
No events

Internal exceptions (0 events):
No events

Events (0 events):
No events


Dynamic libraries:
00400000-00401000 r-xp 00000000 08:02 12979744                           /opt/jdk1.7.0_80/bin/java
00600000-00601000 rw-p 00000000 08:02 12979744                           /opt/jdk1.7.0_80/bin/java
00cf6000-00d17000 rw-p 00000000 00:00 0                                  [heap]
680000000-700000000 rw-p 00000000 00:00 0 
755580000-7aaa80000 rw-p 00000000 00:00 0 
7aaa80000-7d5580000 rw-p 00000000 00:00 0 
7d5580000-800000000 rw-p 00000000 00:00 0 
7fc8fb60f000-7fc8fb77c000 rw-p 00000000 00:00 0 
7fc8fb77c000-7fc8fc0d1000 rw-p 00000000 00:00 0 
7fc8fc0d1000-7fc8fc227000 rw-p 00000000 00:00 0 
7fc8fc227000-7fc8fc37c000 rw-p 00000000 00:00 0 
7fc8fc37c000-7fc8fc37d000 rw-p 00000000 00:00 0 
7fc8fc37d000-7fc8fc5ed000 rwxp 00000000 00:00 0 
7fc8fc5ed000-7fc8ff37d000 rw-p 00000000 00:00 0 
7fc8ff37d000-7fc8ff394000 r-xp 00000000 08:02 12323855                   /opt/jdk1.7.0_80/jre/lib/amd64/libzip.so
7fc8ff394000-7fc8ff594000 ---p 00017000 08:02 12323855                   /opt/jdk1.7.0_80/jre/lib/amd64/libzip.so
7fc8ff594000-7fc8ff595000 rw-p 00017000 08:02 12323855                   /opt/jdk1.7.0_80/jre/lib/amd64/libzip.so
7fc8ff595000-7fc8ff5a0000 r-xp 00000000 08:02 5768192                    /lib/x86_64-linux-gnu/libnss_files-2.23.so
7fc8ff5a0000-7fc8ff79f000 ---p 0000b000 08:02 5768192                    /lib/x86_64-linux-gnu/libnss_files-2.23.so
7fc8ff79f000-7fc8ff7a0000 r--p 0000a000 08:02 5768192                    /lib/x86_64-linux-gnu/libnss_files-2.23.so
7fc8ff7a0000-7fc8ff7a1000 rw-p 0000b000 08:02 5768192                    /lib/x86_64-linux-gnu/libnss_files-2.23.so
7fc8ff7a1000-7fc8ff7a7000 rw-p 00000000 00:00 0 
7fc8ff7a7000-7fc8ff7b2000 r-xp 00000000 08:02 5768213                    /lib/x86_64-linux-gnu/libnss_nis-2.23.so
7fc8ff7b2000-7fc8ff9b1000 ---p 0000b000 08:02 5768213                    /lib/x86_64-linux-gnu/libnss_nis-2.23.so
7fc8ff9b1000-7fc8ff9b2000 r--p 0000a000 08:02 5768213                    /lib/x86_64-linux-gnu/libnss_nis-2.23.so
7fc8ff9b2000-7fc8ff9b3000 rw-p 0000b000 08:02 5768213                    /lib/x86_64-linux-gnu/libnss_nis-2.23.so
7fc8ff9b3000-7fc8ff9c9000 r-xp 00000000 08:02 5767423                    /lib/x86_64-linux-gnu/libnsl-2.23.so
7fc8ff9c9000-7fc8ffbc8000 ---p 00016000 08:02 5767423                    /lib/x86_64-linux-gnu/libnsl-2.23.so
7fc8ffbc8000-7fc8ffbc9000 r--p 00015000 08:02 5767423                    /lib/x86_64-linux-gnu/libnsl-2.23.so
7fc8ffbc9000-7fc8ffbca000 rw-p 00016000 08:02 5767423                    /lib/x86_64-linux-gnu/libnsl-2.23.so
7fc8ffbca000-7fc8ffbcc000 rw-p 00000000 00:00 0 
7fc8ffbcc000-7fc8ffbd4000 r-xp 00000000 08:02 5768256                    /lib/x86_64-linux-gnu/libnss_compat-2.23.so
7fc8ffbd4000-7fc8ffdd3000 ---p 00008000 08:02 5768256                    /lib/x86_64-linux-gnu/libnss_compat-2.23.so
7fc8ffdd3000-7fc8ffdd4000 r--p 00007000 08:02 5768256                    /lib/x86_64-linux-gnu/libnss_compat-2.23.so
7fc8ffdd4000-7fc8ffdd5000 rw-p 00008000 08:02 5768256                    /lib/x86_64-linux-gnu/libnss_compat-2.23.so
7fc8ffdd5000-7fc8ffdfe000 r-xp 00000000 08:02 12323821                   /opt/jdk1.7.0_80/jre/lib/amd64/libjava.so
7fc8ffdfe000-7fc8ffffe000 ---p 00029000 08:02 12323821                   /opt/jdk1.7.0_80/jre/lib/amd64/libjava.so
7fc8ffffe000-7fc900000000 rw-p 00029000 08:02 12323821                   /opt/jdk1.7.0_80/jre/lib/amd64/libjava.so
7fc900000000-7fc900028000 rw-p 00000000 00:00 0 
7fc900028000-7fc904000000 ---p 00000000 00:00 0 
7fc90411e000-7fc9041fa000 rw-p 00000000 00:00 0 
7fc9041fa000-7fc904207000 r-xp 00000000 08:02 12323848                   /opt/jdk1.7.0_80/jre/lib/amd64/libverify.so
7fc904207000-7fc904406000 ---p 0000d000 08:02 12323848                   /opt/jdk1.7.0_80/jre/lib/amd64/libverify.so
7fc904406000-7fc904408000 rw-p 0000c000 08:02 12323848                   /opt/jdk1.7.0_80/jre/lib/amd64/libverify.so
7fc904408000-7fc90440f000 r-xp 00000000 08:02 5768217                    /lib/x86_64-linux-gnu/librt-2.23.so
7fc90440f000-7fc90460e000 ---p 00007000 08:02 5768217                    /lib/x86_64-linux-gnu/librt-2.23.so
7fc90460e000-7fc90460f000 r--p 00006000 08:02 5768217                    /lib/x86_64-linux-gnu/librt-2.23.so
7fc90460f000-7fc904610000 rw-p 00007000 08:02 5768217                    /lib/x86_64-linux-gnu/librt-2.23.so
7fc904610000-7fc904718000 r-xp 00000000 08:02 5768323                    /lib/x86_64-linux-gnu/libm-2.23.so
7fc904718000-7fc904917000 ---p 00108000 08:02 5768323                    /lib/x86_64-linux-gnu/libm-2.23.so
7fc904917000-7fc904918000 r--p 00107000 08:02 5768323                    /lib/x86_64-linux-gnu/libm-2.23.so
7fc904918000-7fc904919000 rw-p 00108000 08:02 5768323                    /lib/x86_64-linux-gnu/libm-2.23.so
7fc904919000-7fc90548f000 r-xp 00000000 08:02 12323875                   /opt/jdk1.7.0_80/jre/lib/amd64/server/libjvm.so
7fc90548f000-7fc90568e000 ---p 00b76000 08:02 12323875                   /opt/jdk1.7.0_80/jre/lib/amd64/server/libjvm.so
7fc90568e000-7fc905752000 rw-p 00b75000 08:02 12323875                   /opt/jdk1.7.0_80/jre/lib/amd64/server/libjvm.so
7fc905752000-7fc905793000 rw-p 00000000 00:00 0 
7fc905793000-7fc905953000 r-xp 00000000 08:02 5768354                    /lib/x86_64-linux-gnu/libc-2.23.so
7fc905953000-7fc905b53000 ---p 001c0000 08:02 5768354                    /lib/x86_64-linux-gnu/libc-2.23.so
7fc905b53000-7fc905b57000 r--p 001c0000 08:02 5768354                    /lib/x86_64-linux-gnu/libc-2.23.so
7fc905b57000-7fc905b59000 rw-p 001c4000 08:02 5768354                    /lib/x86_64-linux-gnu/libc-2.23.so
7fc905b59000-7fc905b5d000 rw-p 00000000 00:00 0 
7fc905b5d000-7fc905b60000 r-xp 00000000 08:02 5768255                    /lib/x86_64-linux-gnu/libdl-2.23.so
7fc905b60000-7fc905d5f000 ---p 00003000 08:02 5768255                    /lib/x86_64-linux-gnu/libdl-2.23.so
7fc905d5f000-7fc905d60000 r--p 00002000 08:02 5768255                    /lib/x86_64-linux-gnu/libdl-2.23.so
7fc905d60000-7fc905d61000 rw-p 00003000 08:02 5768255                    /lib/x86_64-linux-gnu/libdl-2.23.so
7fc905d61000-7fc905d76000 r-xp 00000000 08:02 12586788                   /opt/jdk1.7.0_80/lib/amd64/jli/libjli.so
7fc905d76000-7fc905f75000 ---p 00015000 08:02 12586788                   /opt/jdk1.7.0_80/lib/amd64/jli/libjli.so
7fc905f75000-7fc905f76000 rw-p 00014000 08:02 12586788                   /opt/jdk1.7.0_80/lib/amd64/jli/libjli.so
7fc905f76000-7fc905f8e000 r-xp 00000000 08:02 5768212                    /lib/x86_64-linux-gnu/libpthread-2.23.so
7fc905f8e000-7fc90618d000 ---p 00018000 08:02 5768212                    /lib/x86_64-linux-gnu/libpthread-2.23.so
7fc90618d000-7fc90618e000 r--p 00017000 08:02 5768212                    /lib/x86_64-linux-gnu/libpthread-2.23.so
7fc90618e000-7fc90618f000 rw-p 00018000 08:02 5768212                    /lib/x86_64-linux-gnu/libpthread-2.23.so
7fc90618f000-7fc906193000 rw-p 00000000 00:00 0 
7fc906193000-7fc9061b9000 r-xp 00000000 08:02 5768179                    /lib/x86_64-linux-gnu/ld-2.23.so
7fc9061d1000-7fc9061db000 rw-p 00000000 00:00 0 
7fc9061db000-7fc906291000 rw-p 00000000 00:00 0 
7fc906291000-7fc906294000 ---p 00000000 00:00 0 
7fc906294000-7fc906396000 rw-p 00000000 00:00 0 
7fc9063ac000-7fc9063b4000 rw-s 00000000 08:02 5642326                    /tmp/hsperfdata_colaborador/4474
7fc9063b4000-7fc9063b5000 rw-p 00000000 00:00 0 
7fc9063b5000-7fc9063b6000 r--p 00000000 00:00 0 
7fc9063b6000-7fc9063b8000 rw-p 00000000 00:00 0 
7fc9063b8000-7fc9063b9000 r--p 00025000 08:02 5768179                    /lib/x86_64-linux-gnu/ld-2.23.so
7fc9063b9000-7fc9063ba000 rw-p 00026000 08:02 5768179                    /lib/x86_64-linux-gnu/ld-2.23.so
7fc9063ba000-7fc9063bb000 rw-p 00000000 00:00 0 
7ffff80f1000-7ffff8112000 rw-p 00000000 00:00 0                          [stack]
7ffff81b1000-7ffff81b4000 r--p 00000000 00:00 0                          [vvar]
7ffff81b4000-7ffff81b6000 r-xp 00000000 00:00 0                          [vdso]
ffffffffff600000-ffffffffff601000 r-xp 00000000 00:00 0                  [vsyscall]

VM Arguments:
jvm_args: -Dprogram.name=JBossTools: Red Hat JBoss EAP 6.1+ -Xms2048m -Xmx4096m -XX:MaxPermSize=2048m -Dorg.jboss.resolver.warning=true -Djava.net.preferIPv4Stack=true -Dsun.rmi.dgc.client.gcInterval=3600000 -Dsun.rmi.dgc.server.gcInterval=3600000 -Djboss.modules.system.pkgs=org.jboss.byteman -Djava.awt.headless=true -Dorg.jboss.boot.log.file=/home/colaborador/ambiente_java/EAP-6.4-digital-homo/standalone/log/boot.log -Dlogging.configuration=file:/home/colaborador/ambiente_java/EAP-6.4-digital-homo/standalone/configuration/logging.properties -Djboss.home.dir=/home/colaborador/ambiente_java/EAP-6.4-digital-homo -Dorg.jboss.logmanager.nocolor=true -Djboss.bind.address.management=localhost -Dfile.encoding=UTF-8 
java_command: org.jboss.modules.Main -mp /home/colaborador/ambiente_java/EAP-6.4-digital-homo/modules -jaxpmodule javax.xml.jaxp-provider -jaxpmodule javax.xml.jaxp-provider org.jboss.as.standalone -b 0.0.0.0 --server-config=standalone.xml -Djboss.server.base.dir=/home/colaborador/ambiente_java/EAP-6.4-digital-homo/standalone
Launcher Type: SUN_STANDARD

Environment Variables:
JAVA_HOME=/opt/jdk1.7.0_80
PATH=native:/opt/jdk1.7.0_80/bin:/usr/local/sbin:/usr/local/bin:/usr/sbin:/usr/bin:/sbin:/bin:/usr/games:/usr/local/games:/snap/bin:/opt/p4v/bin:
SHELL=/bin/bash
DISPLAY=:0

Signal Handlers:
SIGSEGV: [libjvm.so+0x9a3b20], sa_mask[0]=0x7ffbfeff, sa_flags=0x10000004
SIGBUS: [libjvm.so+0x9a3b20], sa_mask[0]=0x7ffbfeff, sa_flags=0x10000004
SIGFPE: [libjvm.so+0x81e740], sa_mask[0]=0x7ffbfeff, sa_flags=0x10000004
SIGPIPE: [libjvm.so+0x81e740], sa_mask[0]=0x7ffbfeff, sa_flags=0x10000004
SIGXFSZ: [libjvm.so+0x81e740], sa_mask[0]=0x7ffbfeff, sa_flags=0x10000004
SIGILL: [libjvm.so+0x81e740], sa_mask[0]=0x7ffbfeff, sa_flags=0x10000004
SIGUSR1: SIG_DFL, sa_mask[0]=0x00000000, sa_flags=0x00000000
SIGUSR2: [libjvm.so+0x81ffb0], sa_mask[0]=0x00000004, sa_flags=0x10000004
SIGHUP: SIG_DFL, sa_mask[0]=0x00000000, sa_flags=0x00000000
SIGINT: SIG_DFL, sa_mask[0]=0x00000000, sa_flags=0x00000000
SIGTERM: SIG_DFL, sa_mask[0]=0x00000000, sa_flags=0x00000000
SIGQUIT: SIG_DFL, sa_mask[0]=0x00000000, sa_flags=0x00000000


---------------  S Y S T E M  ---------------

OS:stretch/sid

uname:Linux 4.4.0-109-generic #132-Ubuntu SMP Tue Jan 9 19:52:39 UTC 2018 x86_64
libc:glibc 2.23 NPTL 2.23 
rlimit: STACK 8192k, CORE 0k, NPROC 30716, NOFILE 1048576, AS infinity
load average:0.77 0.56 0.57

/proc/meminfo:
MemTotal:        8089292 kB
MemFree:          368604 kB
MemAvailable:     566524 kB
Buffers:           69648 kB
Cached:           716904 kB
SwapCached:        79976 kB
Active:          5873116 kB
Inactive:        1302540 kB
Active(anon):    5669960 kB
Inactive(anon):  1175288 kB
Active(file):     203156 kB
Inactive(file):   127252 kB
Unevictable:         520 kB
Mlocked:             520 kB
SwapTotal:       8265724 kB
SwapFree:         375176 kB
Dirty:              1224 kB
Writeback:             0 kB
AnonPages:       6314540 kB
Mapped:           476548 kB
Shmem:            455868 kB
Slab:             250344 kB
SReclaimable:     172444 kB
SUnreclaim:        77900 kB
KernelStack:       31184 kB
PageTables:       149788 kB
NFS_Unstable:          0 kB
Bounce:                0 kB
WritebackTmp:          0 kB
CommitLimit:    12310368 kB
Committed_AS:   30715968 kB
VmallocTotal:   34359738367 kB
VmallocUsed:           0 kB
VmallocChunk:          0 kB
HardwareCorrupted:     0 kB
AnonHugePages:    708608 kB
CmaTotal:              0 kB
CmaFree:               0 kB
HugePages_Total:       0
HugePages_Free:        0
HugePages_Rsvd:        0
HugePages_Surp:        0
Hugepagesize:       2048 kB
DirectMap4k:      385324 kB
DirectMap2M:     7917568 kB
DirectMap1G:           0 kB


CPU:total 4 (2 cores per cpu, 2 threads per core) family 6 model 69 stepping 1, cmov, cx8, fxsr, mmx, sse, sse2, sse3, ssse3, sse4.1, sse4.2, popcnt, avx, avx2, aes, erms, ht, tsc, tscinvbit

/proc/cpuinfo:
processor	: 0
vendor_id	: GenuineIntel
cpu family	: 6
model		: 69
model name	: Intel(R) Core(TM) i7-4510U CPU @ 2.00GHz
stepping	: 1
microcode	: 0x20
cpu MHz		: 2090.562
cache size	: 4096 KB
physical id	: 0
siblings	: 4
core id		: 0
cpu cores	: 2
apicid		: 0
initial apicid	: 0
fpu		: yes
fpu_exception	: yes
cpuid level	: 13
wp		: yes
flags		: fpu vme de pse tsc msr pae mce cx8 apic sep mtrr pge mca cmov pat pse36 clflush dts acpi mmx fxsr sse sse2 ss ht tm pbe syscall nx pdpe1gb rdtscp lm constant_tsc arch_perfmon pebs bts rep_good nopl xtopology nonstop_tsc aperfmperf eagerfpu pni pclmulqdq dtes64 monitor ds_cpl vmx est tm2 ssse3 sdbg fma cx16 xtpr pdcm pcid sse4_1 sse4_2 movbe popcnt tsc_deadline_timer aes xsave avx f16c rdrand lahf_lm abm epb invpcid_single kaiser tpr_shadow vnmi flexpriority ept vpid fsgsbase tsc_adjust bmi1 avx2 smep bmi2 erms invpcid xsaveopt dtherm ida arat pln pts
bugs		:
bogomips	: 5187.74
clflush size	: 64
cache_alignment	: 64
address sizes	: 39 bits physical, 48 bits virtual
power management:

processor	: 1
vendor_id	: GenuineIntel
cpu family	: 6
model		: 69
model name	: Intel(R) Core(TM) i7-4510U CPU @ 2.00GHz
stepping	: 1
microcode	: 0x20
cpu MHz		: 2066.898
cache size	: 4096 KB
physical id	: 0
siblings	: 4
core id		: 1
cpu cores	: 2
apicid		: 2
initial apicid	: 2
fpu		: yes
fpu_exception	: yes
cpuid level	: 13
wp		: yes
flags		: fpu vme de pse tsc msr pae mce cx8 apic sep mtrr pge mca cmov pat pse36 clflush dts acpi mmx fxsr sse sse2 ss ht tm pbe syscall nx pdpe1gb rdtscp lm constant_tsc arch_perfmon pebs bts rep_good nopl xtopology nonstop_tsc aperfmperf eagerfpu pni pclmulqdq dtes64 monitor ds_cpl vmx est tm2 ssse3 sdbg fma cx16 xtpr pdcm pcid sse4_1 sse4_2 movbe popcnt tsc_deadline_timer aes xsave avx f16c rdrand lahf_lm abm epb invpcid_single kaiser tpr_shadow vnmi flexpriority ept vpid fsgsbase tsc_adjust bmi1 avx2 smep bmi2 erms invpcid xsaveopt dtherm ida arat pln pts
bugs		:
bogomips	: 5187.74
clflush size	: 64
cache_alignment	: 64
address sizes	: 39 bits physical, 48 bits virtual
power management:

processor	: 2
vendor_id	: GenuineIntel
cpu family	: 6
model		: 69
model name	: Intel(R) Core(TM) i7-4510U CPU @ 2.00GHz
stepping	: 1
microcode	: 0x20
cpu MHz		: 2107.828
cache size	: 4096 KB
physical id	: 0
siblings	: 4
core id		: 0
cpu cores	: 2
apicid		: 1
initial apicid	: 1
fpu		: yes
fpu_exception	: yes
cpuid level	: 13
wp		: yes
flags		: fpu vme de pse tsc msr pae mce cx8 apic sep mtrr pge mca cmov pat pse36 clflush dts acpi mmx fxsr sse sse2 ss ht tm pbe syscall nx pdpe1gb rdtscp lm constant_tsc arch_perfmon pebs bts rep_good nopl xtopology nonstop_tsc aperfmperf eagerfpu pni pclmulqdq dtes64 monitor ds_cpl vmx est tm2 ssse3 sdbg fma cx16 xtpr pdcm pcid sse4_1 sse4_2 movbe popcnt tsc_deadline_timer aes xsave avx f16c rdrand lahf_lm abm epb invpcid_single kaiser tpr_shadow vnmi flexpriority ept vpid fsgsbase tsc_adjust bmi1 avx2 smep bmi2 erms invpcid xsaveopt dtherm ida arat pln pts
bugs		:
bogomips	: 5187.74
clflush size	: 64
cache_alignment	: 64
address sizes	: 39 bits physical, 48 bits virtual
power management:

processor	: 3
vendor_id	: GenuineIntel
cpu family	: 6
model		: 69
model name	: Intel(R) Core(TM) i7-4510U CPU @ 2.00GHz
stepping	: 1
microcode	: 0x20
cpu MHz		: 2107.523
cache size	: 4096 KB
physical id	: 0
siblings	: 4
core id		: 1
cpu cores	: 2
apicid		: 3
initial apicid	: 3
fpu		: yes
fpu_exception	: yes
cpuid level	: 13
wp		: yes
flags		: fpu vme de pse tsc msr pae mce cx8 apic sep mtrr pge mca cmov pat pse36 clflush dts acpi mmx fxsr sse sse2 ss ht tm pbe syscall nx pdpe1gb rdtscp lm constant_tsc arch_perfmon pebs bts rep_good nopl xtopology nonstop_tsc aperfmperf eagerfpu pni pclmulqdq dtes64 monitor ds_cpl vmx est tm2 ssse3 sdbg fma cx16 xtpr pdcm pcid sse4_1 sse4_2 movbe popcnt tsc_deadline_timer aes xsave avx f16c rdrand lahf_lm abm epb invpcid_single kaiser tpr_shadow vnmi flexpriority ept vpid fsgsbase tsc_adjust bmi1 avx2 smep bmi2 erms invpcid xsaveopt dtherm ida arat pln pts
bugs		:
bogomips	: 5187.74
clflush size	: 64
cache_alignment	: 64
address sizes	: 39 bits physical, 48 bits virtual
power management:



Memory: 4k page, physical 8089292k(368604k free), swap 8265724k(375176k free)

vm_info: Java HotSpot(TM) 64-Bit Server VM (24.80-b11) for linux-amd64 JRE (1.7.0_80-b15), built on Apr 10 2015 19:53:14 by "java_re" with gcc 4.3.0 20080428 (Red Hat 4.3.0-8)

time: Thu Jan 11 17:30:15 2018
elapsed time: 0 seconds

