#
# There is insufficient memory for the Java Runtime Environment to continue.
# Native memory allocation (malloc) failed to allocate 716177408 bytes for committing reserved memory.
# Possible reasons:
#   The system is out of physical RAM or swap space
#   In 32 bit mode, the process size limit was hit
# Possible solutions:
#   Reduce memory load on the system
#   Increase physical memory or swap space
#   Check if swap backing store is full
#   Use 64 bit Java on a 64 bit OS
#   Decrease Java heap size (-Xmx/-Xms)
#   Decrease number of Java threads
#   Decrease Java thread stack sizes (-Xss)
#   Set larger code cache with -XX:ReservedCodeCacheSize=
# This output file may be truncated or incomplete.
#
#  Out of Memory Error (os_linux.cpp:2756), pid=543, tid=140453069330176
#
# JRE version:  (7.0_80-b15) (build )
# Java VM: Java HotSpot(TM) 64-Bit Server VM (24.80-b11 mixed mode linux-amd64 compressed oops)
# Failed to write core dump. Core dumps have been disabled. To enable core dumping, try "ulimit -c unlimited" before starting Java again
#

---------------  T H R E A D  ---------------

Current thread (0x00007fbdc000a800):  JavaThread "Unknown thread" [_thread_in_vm, id=551, stack(0x00007fbdc73e1000,0x00007fbdc74e2000)]

Stack: [0x00007fbdc73e1000,0x00007fbdc74e2000],  sp=0x00007fbdc74e0270,  free space=1020k
Native frames: (J=compiled Java code, j=interpreted, Vv=VM code, C=native code)
V  [libjvm.so+0x9a320a]  VMError::report_and_die()+0x2ea
V  [libjvm.so+0x498d3b]  report_vm_out_of_memory(char const*, int, unsigned long, char const*)+0x9b
V  [libjvm.so+0x82191e]  os::Linux::commit_memory_impl(char*, unsigned long, bool)+0xfe
V  [libjvm.so+0x821e69]  os::pd_commit_memory(char*, unsigned long, unsigned long, bool)+0x29
V  [libjvm.so+0x81bb6a]  os::commit_memory(char*, unsigned long, unsigned long, bool)+0x2a
V  [libjvm.so+0x88d623]  PSVirtualSpace::expand_by(unsigned long)+0x53
V  [libjvm.so+0x87c293]  PSOldGen::initialize(ReservedSpace, unsigned long, char const*, int)+0x103
V  [libjvm.so+0x29ace3]  AdjoiningGenerations::AdjoiningGenerations(ReservedSpace, unsigned long, unsigned long, unsigned long, unsigned long, unsigned long, unsigned long, unsigned long)+0x3e3
V  [libjvm.so+0x843215]  ParallelScavengeHeap::initialize()+0x4d5
V  [libjvm.so+0x97509a]  Universe::initialize_heap()+0xca
V  [libjvm.so+0x976269]  universe_init()+0x79
V  [libjvm.so+0x5b2f25]  init_globals()+0x65
V  [libjvm.so+0x95db4d]  Threads::create_vm(JavaVMInitArgs*, bool*)+0x1ed
V  [libjvm.so+0x63b2e4]  JNI_CreateJavaVM+0x74
C  [libjli.so+0x2f8e]  JavaMain+0x9e


---------------  P R O C E S S  ---------------

Java Threads: ( => current thread )

Other Threads:

=>0x00007fbdc000a800 (exited) JavaThread "Unknown thread" [_thread_in_vm, id=551, stack(0x00007fbdc73e1000,0x00007fbdc74e2000)]

VM state:not at safepoint (not fully initialized)

VM Mutex/Monitor currently owned by a thread: None

GC Heap History (0 events):
No events

Deoptimization events (0 events):
No events

Internal exceptions (0 events):
No events

Events (0 events):
No events


Dynamic libraries:
00400000-00401000 r-xp 00000000 08:02 12979744                           /opt/jdk1.7.0_80/bin/java
00600000-00601000 rw-p 00000000 08:02 12979744                           /opt/jdk1.7.0_80/bin/java
0126a000-0128b000 rw-p 00000000 00:00 0                                  [heap]
73ff80000-7bff80000 rw-p 00000000 00:00 0 
7eaa80000-800000000 rw-p 00000000 00:00 0 
7fbdbcdb7000-7fbdbd000000 rw-p 00000000 00:00 0 
7fbdbd000000-7fbdbd270000 rwxp 00000000 00:00 0 
7fbdbd270000-7fbdc0028000 rw-p 00000000 00:00 0 
7fbdc0028000-7fbdc4000000 ---p 00000000 00:00 0 
7fbdc40c6000-7fbdc461b000 rw-p 00000000 00:00 0 
7fbdc461b000-7fbdc46c7000 rw-p 00000000 00:00 0 
7fbdc46c7000-7fbdc46de000 r-xp 00000000 08:02 12323855                   /opt/jdk1.7.0_80/jre/lib/amd64/libzip.so
7fbdc46de000-7fbdc48de000 ---p 00017000 08:02 12323855                   /opt/jdk1.7.0_80/jre/lib/amd64/libzip.so
7fbdc48de000-7fbdc48df000 rw-p 00017000 08:02 12323855                   /opt/jdk1.7.0_80/jre/lib/amd64/libzip.so
7fbdc48df000-7fbdc48ea000 r-xp 00000000 08:02 5771663                    /lib/x86_64-linux-gnu/libnss_files-2.23.so
7fbdc48ea000-7fbdc4ae9000 ---p 0000b000 08:02 5771663                    /lib/x86_64-linux-gnu/libnss_files-2.23.so
7fbdc4ae9000-7fbdc4aea000 r--p 0000a000 08:02 5771663                    /lib/x86_64-linux-gnu/libnss_files-2.23.so
7fbdc4aea000-7fbdc4aeb000 rw-p 0000b000 08:02 5771663                    /lib/x86_64-linux-gnu/libnss_files-2.23.so
7fbdc4aeb000-7fbdc4af1000 rw-p 00000000 00:00 0 
7fbdc4af1000-7fbdc4afc000 r-xp 00000000 08:02 5767260                    /lib/x86_64-linux-gnu/libnss_nis-2.23.so
7fbdc4afc000-7fbdc4cfb000 ---p 0000b000 08:02 5767260                    /lib/x86_64-linux-gnu/libnss_nis-2.23.so
7fbdc4cfb000-7fbdc4cfc000 r--p 0000a000 08:02 5767260                    /lib/x86_64-linux-gnu/libnss_nis-2.23.so
7fbdc4cfc000-7fbdc4cfd000 rw-p 0000b000 08:02 5767260                    /lib/x86_64-linux-gnu/libnss_nis-2.23.so
7fbdc4cfd000-7fbdc4d13000 r-xp 00000000 08:02 5771543                    /lib/x86_64-linux-gnu/libnsl-2.23.so
7fbdc4d13000-7fbdc4f12000 ---p 00016000 08:02 5771543                    /lib/x86_64-linux-gnu/libnsl-2.23.so
7fbdc4f12000-7fbdc4f13000 r--p 00015000 08:02 5771543                    /lib/x86_64-linux-gnu/libnsl-2.23.so
7fbdc4f13000-7fbdc4f14000 rw-p 00016000 08:02 5771543                    /lib/x86_64-linux-gnu/libnsl-2.23.so
7fbdc4f14000-7fbdc4f16000 rw-p 00000000 00:00 0 
7fbdc4f16000-7fbdc4f1e000 r-xp 00000000 08:02 5771615                    /lib/x86_64-linux-gnu/libnss_compat-2.23.so
7fbdc4f1e000-7fbdc511d000 ---p 00008000 08:02 5771615                    /lib/x86_64-linux-gnu/libnss_compat-2.23.so
7fbdc511d000-7fbdc511e000 r--p 00007000 08:02 5771615                    /lib/x86_64-linux-gnu/libnss_compat-2.23.so
7fbdc511e000-7fbdc511f000 rw-p 00008000 08:02 5771615                    /lib/x86_64-linux-gnu/libnss_compat-2.23.so
7fbdc511f000-7fbdc5148000 r-xp 00000000 08:02 12323821                   /opt/jdk1.7.0_80/jre/lib/amd64/libjava.so
7fbdc5148000-7fbdc5348000 ---p 00029000 08:02 12323821                   /opt/jdk1.7.0_80/jre/lib/amd64/libjava.so
7fbdc5348000-7fbdc534a000 rw-p 00029000 08:02 12323821                   /opt/jdk1.7.0_80/jre/lib/amd64/libjava.so
7fbdc534a000-7fbdc5357000 r-xp 00000000 08:02 12323848                   /opt/jdk1.7.0_80/jre/lib/amd64/libverify.so
7fbdc5357000-7fbdc5556000 ---p 0000d000 08:02 12323848                   /opt/jdk1.7.0_80/jre/lib/amd64/libverify.so
7fbdc5556000-7fbdc5558000 rw-p 0000c000 08:02 12323848                   /opt/jdk1.7.0_80/jre/lib/amd64/libverify.so
7fbdc5558000-7fbdc555f000 r-xp 00000000 08:02 5767259                    /lib/x86_64-linux-gnu/librt-2.23.so
7fbdc555f000-7fbdc575e000 ---p 00007000 08:02 5767259                    /lib/x86_64-linux-gnu/librt-2.23.so
7fbdc575e000-7fbdc575f000 r--p 00006000 08:02 5767259                    /lib/x86_64-linux-gnu/librt-2.23.so
7fbdc575f000-7fbdc5760000 rw-p 00007000 08:02 5767259                    /lib/x86_64-linux-gnu/librt-2.23.so
7fbdc5760000-7fbdc5868000 r-xp 00000000 08:02 5771538                    /lib/x86_64-linux-gnu/libm-2.23.so
7fbdc5868000-7fbdc5a67000 ---p 00108000 08:02 5771538                    /lib/x86_64-linux-gnu/libm-2.23.so
7fbdc5a67000-7fbdc5a68000 r--p 00107000 08:02 5771538                    /lib/x86_64-linux-gnu/libm-2.23.so
7fbdc5a68000-7fbdc5a69000 rw-p 00108000 08:02 5771538                    /lib/x86_64-linux-gnu/libm-2.23.so
7fbdc5a69000-7fbdc65df000 r-xp 00000000 08:02 12323875                   /opt/jdk1.7.0_80/jre/lib/amd64/server/libjvm.so
7fbdc65df000-7fbdc67de000 ---p 00b76000 08:02 12323875                   /opt/jdk1.7.0_80/jre/lib/amd64/server/libjvm.so
7fbdc67de000-7fbdc68a2000 rw-p 00b75000 08:02 12323875                   /opt/jdk1.7.0_80/jre/lib/amd64/server/libjvm.so
7fbdc68a2000-7fbdc68e3000 rw-p 00000000 00:00 0 
7fbdc68e3000-7fbdc6aa2000 r-xp 00000000 08:02 5767264                    /lib/x86_64-linux-gnu/libc-2.23.so
7fbdc6aa2000-7fbdc6ca2000 ---p 001bf000 08:02 5767264                    /lib/x86_64-linux-gnu/libc-2.23.so
7fbdc6ca2000-7fbdc6ca6000 r--p 001bf000 08:02 5767264                    /lib/x86_64-linux-gnu/libc-2.23.so
7fbdc6ca6000-7fbdc6ca8000 rw-p 001c3000 08:02 5767264                    /lib/x86_64-linux-gnu/libc-2.23.so
7fbdc6ca8000-7fbdc6cac000 rw-p 00000000 00:00 0 
7fbdc6cac000-7fbdc6caf000 r-xp 00000000 08:02 5767263                    /lib/x86_64-linux-gnu/libdl-2.23.so
7fbdc6caf000-7fbdc6eae000 ---p 00003000 08:02 5767263                    /lib/x86_64-linux-gnu/libdl-2.23.so
7fbdc6eae000-7fbdc6eaf000 r--p 00002000 08:02 5767263                    /lib/x86_64-linux-gnu/libdl-2.23.so
7fbdc6eaf000-7fbdc6eb0000 rw-p 00003000 08:02 5767263                    /lib/x86_64-linux-gnu/libdl-2.23.so
7fbdc6eb0000-7fbdc6ec5000 r-xp 00000000 08:02 12586788                   /opt/jdk1.7.0_80/lib/amd64/jli/libjli.so
7fbdc6ec5000-7fbdc70c4000 ---p 00015000 08:02 12586788                   /opt/jdk1.7.0_80/lib/amd64/jli/libjli.so
7fbdc70c4000-7fbdc70c5000 rw-p 00014000 08:02 12586788                   /opt/jdk1.7.0_80/lib/amd64/jli/libjli.so
7fbdc70c5000-7fbdc70dd000 r-xp 00000000 08:02 5771539                    /lib/x86_64-linux-gnu/libpthread-2.23.so
7fbdc70dd000-7fbdc72dc000 ---p 00018000 08:02 5771539                    /lib/x86_64-linux-gnu/libpthread-2.23.so
7fbdc72dc000-7fbdc72dd000 r--p 00017000 08:02 5771539                    /lib/x86_64-linux-gnu/libpthread-2.23.so
7fbdc72dd000-7fbdc72de000 rw-p 00018000 08:02 5771539                    /lib/x86_64-linux-gnu/libpthread-2.23.so
7fbdc72de000-7fbdc72e2000 rw-p 00000000 00:00 0 
7fbdc72e2000-7fbdc7308000 r-xp 00000000 08:02 5767253                    /lib/x86_64-linux-gnu/ld-2.23.so
7fbdc7321000-7fbdc732b000 rw-p 00000000 00:00 0 
7fbdc732b000-7fbdc73e1000 rw-p 00000000 00:00 0 
7fbdc73e1000-7fbdc73e4000 ---p 00000000 00:00 0 
7fbdc73e4000-7fbdc74e6000 rw-p 00000000 00:00 0 
7fbdc74fb000-7fbdc7503000 rw-s 00000000 08:02 5509991                    /tmp/hsperfdata_colaborador/543
7fbdc7503000-7fbdc7504000 rw-p 00000000 00:00 0 
7fbdc7504000-7fbdc7505000 r--p 00000000 00:00 0 
7fbdc7505000-7fbdc7507000 rw-p 00000000 00:00 0 
7fbdc7507000-7fbdc7508000 r--p 00025000 08:02 5767253                    /lib/x86_64-linux-gnu/ld-2.23.so
7fbdc7508000-7fbdc7509000 rw-p 00026000 08:02 5767253                    /lib/x86_64-linux-gnu/ld-2.23.so
7fbdc7509000-7fbdc750a000 rw-p 00000000 00:00 0 
7ffd7ee51000-7ffd7ee72000 rw-p 00000000 00:00 0                          [stack]
7ffd7ee8c000-7ffd7ee8e000 r--p 00000000 00:00 0                          [vvar]
7ffd7ee8e000-7ffd7ee90000 r-xp 00000000 00:00 0                          [vdso]
ffffffffff600000-ffffffffff601000 r-xp 00000000 00:00 0                  [vsyscall]

VM Arguments:
jvm_args: -Dprogram.name=JBossTools: Red Hat JBoss EAP 6.1+ -Xms1024m -Xmx1024m -XX:MaxPermSize=2048m -Dorg.jboss.resolver.warning=true -Djava.net.preferIPv4Stack=true -Dsun.rmi.dgc.client.gcInterval=3600000 -Dsun.rmi.dgc.server.gcInterval=3600000 -Djboss.modules.system.pkgs=org.jboss.byteman -Djava.awt.headless=true -Dorg.jboss.boot.log.file=/home/colaborador/ambiente_java/EAP-6.4-digital/standalone/log/boot.log -Dlogging.configuration=file:/home/colaborador/ambiente_java/EAP-6.4-digital/standalone/configuration/logging.properties -Djboss.home.dir=/home/colaborador/ambiente_java/EAP-6.4-digital -Dorg.jboss.logmanager.nocolor=true -Djboss.bind.address.management=localhost -Dfile.encoding=UTF-8 
java_command: org.jboss.modules.Main -mp /home/colaborador/ambiente_java/EAP-6.4-digital/modules -jaxpmodule javax.xml.jaxp-provider -jaxpmodule javax.xml.jaxp-provider org.jboss.as.standalone -b 0.0.0.0 --server-config=standalone.xml -Djboss.server.base.dir=/home/colaborador/ambiente_java/EAP-6.4-digital/standalone
Launcher Type: SUN_STANDARD

Environment Variables:
JAVA_HOME=/opt/jdk1.7.0_80
PATH=native:/home/colaborador/bin:/home/colaborador/.local/bin:/opt/jdk1.7.0_80/bin:/usr/local/sbin:/usr/local/bin:/usr/sbin:/usr/bin:/sbin:/bin:/usr/games:/usr/local/games:/snap/bin:/opt/p4v/bin:
SHELL=/bin/bash
DISPLAY=:0

Signal Handlers:
SIGSEGV: [libjvm.so+0x9a3b20], sa_mask[0]=0x7ffbfeff, sa_flags=0x10000004
SIGBUS: [libjvm.so+0x9a3b20], sa_mask[0]=0x7ffbfeff, sa_flags=0x10000004
SIGFPE: [libjvm.so+0x81e740], sa_mask[0]=0x7ffbfeff, sa_flags=0x10000004
SIGPIPE: [libjvm.so+0x81e740], sa_mask[0]=0x7ffbfeff, sa_flags=0x10000004
SIGXFSZ: [libjvm.so+0x81e740], sa_mask[0]=0x7ffbfeff, sa_flags=0x10000004
SIGILL: [libjvm.so+0x81e740], sa_mask[0]=0x7ffbfeff, sa_flags=0x10000004
SIGUSR1: SIG_DFL, sa_mask[0]=0x00000000, sa_flags=0x00000000
SIGUSR2: [libjvm.so+0x81ffb0], sa_mask[0]=0x00000004, sa_flags=0x10000004
SIGHUP: SIG_DFL, sa_mask[0]=0x00000000, sa_flags=0x00000000
SIGINT: SIG_DFL, sa_mask[0]=0x00000000, sa_flags=0x00000000
SIGTERM: SIG_DFL, sa_mask[0]=0x00000000, sa_flags=0x00000000
SIGQUIT: SIG_DFL, sa_mask[0]=0x00000000, sa_flags=0x00000000


---------------  S Y S T E M  ---------------

OS:stretch/sid

uname:Linux 4.4.0-66-generic #87-Ubuntu SMP Fri Mar 3 15:29:05 UTC 2017 x86_64
libc:glibc 2.23 NPTL 2.23 
rlimit: STACK 8192k, CORE 0k, NPROC 31021, NOFILE 65536, AS infinity
load average:2.58 1.65 1.67

/proc/meminfo:
MemTotal:        8052368 kB
MemFree:          128164 kB
MemAvailable:     135872 kB
Buffers:           45064 kB
Cached:           611220 kB
SwapCached:       113820 kB
Active:          6235824 kB
Inactive:        1287044 kB
Active(anon):    6132112 kB
Inactive(anon):  1203036 kB
Active(file):     103712 kB
Inactive(file):    84008 kB
Unevictable:         428 kB
Mlocked:             428 kB
SwapTotal:       8265724 kB
SwapFree:         181912 kB
Dirty:              2088 kB
Writeback:             0 kB
AnonPages:       6756076 kB
Mapped:           439728 kB
Shmem:            468532 kB
Slab:             157788 kB
SReclaimable:      86788 kB
SUnreclaim:        71000 kB
KernelStack:       27936 kB
PageTables:       128668 kB
NFS_Unstable:          0 kB
Bounce:                0 kB
WritebackTmp:          0 kB
CommitLimit:    12291908 kB
Committed_AS:   29176304 kB
VmallocTotal:   34359738367 kB
VmallocUsed:           0 kB
VmallocChunk:          0 kB
HardwareCorrupted:     0 kB
AnonHugePages:   1644544 kB
CmaTotal:              0 kB
CmaFree:               0 kB
HugePages_Total:       0
HugePages_Free:        0
HugePages_Rsvd:        0
HugePages_Surp:        0
Hugepagesize:       2048 kB
DirectMap4k:      283392 kB
DirectMap2M:     7983104 kB
DirectMap1G:     1048576 kB


CPU:total 4 (2 cores per cpu, 2 threads per core) family 6 model 69 stepping 1, cmov, cx8, fxsr, mmx, sse, sse2, sse3, ssse3, sse4.1, sse4.2, popcnt, avx, avx2, aes, erms, ht, tsc, tscinvbit

/proc/cpuinfo:
processor	: 0
vendor_id	: GenuineIntel
cpu family	: 6
model		: 69
model name	: Intel(R) Core(TM) i5-4200U CPU @ 1.60GHz
stepping	: 1
microcode	: 0x1d
cpu MHz		: 2300.000
cache size	: 3072 KB
physical id	: 0
siblings	: 4
core id		: 0
cpu cores	: 2
apicid		: 0
initial apicid	: 0
fpu		: yes
fpu_exception	: yes
cpuid level	: 13
wp		: yes
flags		: fpu vme de pse tsc msr pae mce cx8 apic sep mtrr pge mca cmov pat pse36 clflush dts acpi mmx fxsr sse sse2 ss ht tm pbe syscall nx pdpe1gb rdtscp lm constant_tsc arch_perfmon pebs bts rep_good nopl xtopology nonstop_tsc aperfmperf eagerfpu pni pclmulqdq dtes64 monitor ds_cpl vmx est tm2 ssse3 sdbg fma cx16 xtpr pdcm pcid sse4_1 sse4_2 movbe popcnt tsc_deadline_timer aes xsave avx f16c rdrand lahf_lm abm epb tpr_shadow vnmi flexpriority ept vpid fsgsbase tsc_adjust bmi1 avx2 smep bmi2 erms invpcid xsaveopt dtherm ida arat pln pts
bugs		:
bogomips	: 4589.29
clflush size	: 64
cache_alignment	: 64
address sizes	: 39 bits physical, 48 bits virtual
power management:

processor	: 1
vendor_id	: GenuineIntel
cpu family	: 6
model		: 69
model name	: Intel(R) Core(TM) i5-4200U CPU @ 1.60GHz
stepping	: 1
microcode	: 0x1d
cpu MHz		: 2299.910
cache size	: 3072 KB
physical id	: 0
siblings	: 4
core id		: 0
cpu cores	: 2
apicid		: 1
initial apicid	: 1
fpu		: yes
fpu_exception	: yes
cpuid level	: 13
wp		: yes
flags		: fpu vme de pse tsc msr pae mce cx8 apic sep mtrr pge mca cmov pat pse36 clflush dts acpi mmx fxsr sse sse2 ss ht tm pbe syscall nx pdpe1gb rdtscp lm constant_tsc arch_perfmon pebs bts rep_good nopl xtopology nonstop_tsc aperfmperf eagerfpu pni pclmulqdq dtes64 monitor ds_cpl vmx est tm2 ssse3 sdbg fma cx16 xtpr pdcm pcid sse4_1 sse4_2 movbe popcnt tsc_deadline_timer aes xsave avx f16c rdrand lahf_lm abm epb tpr_shadow vnmi flexpriority ept vpid fsgsbase tsc_adjust bmi1 avx2 smep bmi2 erms invpcid xsaveopt dtherm ida arat pln pts
bugs		:
bogomips	: 4589.29
clflush size	: 64
cache_alignment	: 64
address sizes	: 39 bits physical, 48 bits virtual
power management:

processor	: 2
vendor_id	: GenuineIntel
cpu family	: 6
model		: 69
model name	: Intel(R) Core(TM) i5-4200U CPU @ 1.60GHz
stepping	: 1
microcode	: 0x1d
cpu MHz		: 2300.000
cache size	: 3072 KB
physical id	: 0
siblings	: 4
core id		: 1
cpu cores	: 2
apicid		: 2
initial apicid	: 2
fpu		: yes
fpu_exception	: yes
cpuid level	: 13
wp		: yes
flags		: fpu vme de pse tsc msr pae mce cx8 apic sep mtrr pge mca cmov pat pse36 clflush dts acpi mmx fxsr sse sse2 ss ht tm pbe syscall nx pdpe1gb rdtscp lm constant_tsc arch_perfmon pebs bts rep_good nopl xtopology nonstop_tsc aperfmperf eagerfpu pni pclmulqdq dtes64 monitor ds_cpl vmx est tm2 ssse3 sdbg fma cx16 xtpr pdcm pcid sse4_1 sse4_2 movbe popcnt tsc_deadline_timer aes xsave avx f16c rdrand lahf_lm abm epb tpr_shadow vnmi flexpriority ept vpid fsgsbase tsc_adjust bmi1 avx2 smep bmi2 erms invpcid xsaveopt dtherm ida arat pln pts
bugs		:
bogomips	: 4589.29
clflush size	: 64
cache_alignment	: 64
address sizes	: 39 bits physical, 48 bits virtual
power management:

processor	: 3
vendor_id	: GenuineIntel
cpu family	: 6
model		: 69
model name	: Intel(R) Core(TM) i5-4200U CPU @ 1.60GHz
stepping	: 1
microcode	: 0x1d
cpu MHz		: 2299.910
cache size	: 3072 KB
physical id	: 0
siblings	: 4
core id		: 1
cpu cores	: 2
apicid		: 3
initial apicid	: 3
fpu		: yes
fpu_exception	: yes
cpuid level	: 13
wp		: yes
flags		: fpu vme de pse tsc msr pae mce cx8 apic sep mtrr pge mca cmov pat pse36 clflush dts acpi mmx fxsr sse sse2 ss ht tm pbe syscall nx pdpe1gb rdtscp lm constant_tsc arch_perfmon pebs bts rep_good nopl xtopology nonstop_tsc aperfmperf eagerfpu pni pclmulqdq dtes64 monitor ds_cpl vmx est tm2 ssse3 sdbg fma cx16 xtpr pdcm pcid sse4_1 sse4_2 movbe popcnt tsc_deadline_timer aes xsave avx f16c rdrand lahf_lm abm epb tpr_shadow vnmi flexpriority ept vpid fsgsbase tsc_adjust bmi1 avx2 smep bmi2 erms invpcid xsaveopt dtherm ida arat pln pts
bugs		:
bogomips	: 4589.29
clflush size	: 64
cache_alignment	: 64
address sizes	: 39 bits physical, 48 bits virtual
power management:



Memory: 4k page, physical 8052368k(128164k free), swap 8265724k(181912k free)

vm_info: Java HotSpot(TM) 64-Bit Server VM (24.80-b11) for linux-amd64 JRE (1.7.0_80-b15), built on Apr 10 2015 19:53:14 by "java_re" with gcc 4.3.0 20080428 (Red Hat 4.3.0-8)

time: Mon Mar 13 22:36:59 2017
elapsed time: 0 seconds

