#
# There is insufficient memory for the Java Runtime Environment to continue.
# Native memory allocation (malloc) failed to allocate 716177408 bytes for committing reserved memory.
# Possible reasons:
#   The system is out of physical RAM or swap space
#   In 32 bit mode, the process size limit was hit
# Possible solutions:
#   Reduce memory load on the system
#   Increase physical memory or swap space
#   Check if swap backing store is full
#   Use 64 bit Java on a 64 bit OS
#   Decrease Java heap size (-Xmx/-Xms)
#   Decrease number of Java threads
#   Decrease Java thread stack sizes (-Xss)
#   Set larger code cache with -XX:ReservedCodeCacheSize=
# This output file may be truncated or incomplete.
#
#  Out of Memory Error (os_linux.cpp:2756), pid=1893, tid=139992939779840
#
# JRE version:  (7.0_80-b15) (build )
# Java VM: Java HotSpot(TM) 64-Bit Server VM (24.80-b11 mixed mode linux-amd64 compressed oops)
# Failed to write core dump. Core dumps have been disabled. To enable core dumping, try "ulimit -c unlimited" before starting Java again
#

---------------  T H R E A D  ---------------

Current thread (0x00007f529c00e000):  JavaThread "Unknown thread" [_thread_in_vm, id=1920, stack(0x00007f52a5625000,0x00007f52a5726000)]

Stack: [0x00007f52a5625000,0x00007f52a5726000],  sp=0x00007f52a5724270,  free space=1020k
Native frames: (J=compiled Java code, j=interpreted, Vv=VM code, C=native code)
V  [libjvm.so+0x9a320a]  VMError::report_and_die()+0x2ea
V  [libjvm.so+0x498d3b]  report_vm_out_of_memory(char const*, int, unsigned long, char const*)+0x9b
V  [libjvm.so+0x82191e]  os::Linux::commit_memory_impl(char*, unsigned long, bool)+0xfe
V  [libjvm.so+0x821e69]  os::pd_commit_memory(char*, unsigned long, unsigned long, bool)+0x29
V  [libjvm.so+0x81bb6a]  os::commit_memory(char*, unsigned long, unsigned long, bool)+0x2a
V  [libjvm.so+0x88d623]  PSVirtualSpace::expand_by(unsigned long)+0x53
V  [libjvm.so+0x87c293]  PSOldGen::initialize(ReservedSpace, unsigned long, char const*, int)+0x103
V  [libjvm.so+0x29ace3]  AdjoiningGenerations::AdjoiningGenerations(ReservedSpace, unsigned long, unsigned long, unsigned long, unsigned long, unsigned long, unsigned long, unsigned long)+0x3e3
V  [libjvm.so+0x843215]  ParallelScavengeHeap::initialize()+0x4d5
V  [libjvm.so+0x97509a]  Universe::initialize_heap()+0xca
V  [libjvm.so+0x976269]  universe_init()+0x79
V  [libjvm.so+0x5b2f25]  init_globals()+0x65
V  [libjvm.so+0x95db4d]  Threads::create_vm(JavaVMInitArgs*, bool*)+0x1ed
V  [libjvm.so+0x63b2e4]  JNI_CreateJavaVM+0x74
C  [libjli.so+0x2f8e]  JavaMain+0x9e


---------------  P R O C E S S  ---------------

Java Threads: ( => current thread )

Other Threads:

=>0x00007f529c00e000 (exited) JavaThread "Unknown thread" [_thread_in_vm, id=1920, stack(0x00007f52a5625000,0x00007f52a5726000)]

VM state:not at safepoint (not fully initialized)

VM Mutex/Monitor currently owned by a thread: None

GC Heap History (0 events):
No events

Deoptimization events (0 events):
No events

Internal exceptions (0 events):
No events

Events (0 events):
No events


Dynamic libraries:
00400000-00401000 r-xp 00000000 08:02 12979744                           /opt/jdk1.7.0_80/bin/java
00600000-00601000 rw-p 00000000 08:02 12979744                           /opt/jdk1.7.0_80/bin/java
00e7b000-00e9c000 rw-p 00000000 00:00 0                                  [heap]
73ff80000-7bff80000 rw-p 00000000 00:00 0 
7eaa80000-800000000 rw-p 00000000 00:00 0 
7f5299000000-7f5299270000 rwxp 00000000 00:00 0 
7f5299270000-7f529c02d000 rw-p 00000000 00:00 0 
7f529c02d000-7f52a0000000 ---p 00000000 00:00 0 
7f52a12c3000-7f52a150c000 rw-p 00000000 00:00 0 
7f52a150c000-7f52a1a61000 rw-p 00000000 00:00 0 
7f52a1a61000-7f52a1b0d000 rw-p 00000000 00:00 0 
7f52a1b0d000-7f52a1b24000 r-xp 00000000 08:02 12323855                   /opt/jdk1.7.0_80/jre/lib/amd64/libzip.so
7f52a1b24000-7f52a1d24000 ---p 00017000 08:02 12323855                   /opt/jdk1.7.0_80/jre/lib/amd64/libzip.so
7f52a1d24000-7f52a1d25000 rw-p 00017000 08:02 12323855                   /opt/jdk1.7.0_80/jre/lib/amd64/libzip.so
7f52a1d25000-7f52a1d30000 r-xp 00000000 08:02 5771743                    /lib/x86_64-linux-gnu/libnss_files-2.23.so
7f52a1d30000-7f52a1f2f000 ---p 0000b000 08:02 5771743                    /lib/x86_64-linux-gnu/libnss_files-2.23.so
7f52a1f2f000-7f52a1f30000 r--p 0000a000 08:02 5771743                    /lib/x86_64-linux-gnu/libnss_files-2.23.so
7f52a1f30000-7f52a1f31000 rw-p 0000b000 08:02 5771743                    /lib/x86_64-linux-gnu/libnss_files-2.23.so
7f52a1f31000-7f52a1f37000 rw-p 00000000 00:00 0 
7f52a1f37000-7f52a1f42000 r-xp 00000000 08:02 5771753                    /lib/x86_64-linux-gnu/libnss_nis-2.23.so
7f52a1f42000-7f52a2141000 ---p 0000b000 08:02 5771753                    /lib/x86_64-linux-gnu/libnss_nis-2.23.so
7f52a2141000-7f52a2142000 r--p 0000a000 08:02 5771753                    /lib/x86_64-linux-gnu/libnss_nis-2.23.so
7f52a2142000-7f52a2143000 rw-p 0000b000 08:02 5771753                    /lib/x86_64-linux-gnu/libnss_nis-2.23.so
7f52a2143000-7f52a2159000 r-xp 00000000 08:02 5771737                    /lib/x86_64-linux-gnu/libnsl-2.23.so
7f52a2159000-7f52a2358000 ---p 00016000 08:02 5771737                    /lib/x86_64-linux-gnu/libnsl-2.23.so
7f52a2358000-7f52a2359000 r--p 00015000 08:02 5771737                    /lib/x86_64-linux-gnu/libnsl-2.23.so
7f52a2359000-7f52a235a000 rw-p 00016000 08:02 5771737                    /lib/x86_64-linux-gnu/libnsl-2.23.so
7f52a235a000-7f52a235c000 rw-p 00000000 00:00 0 
7f52a235c000-7f52a2364000 r-xp 00000000 08:02 5771739                    /lib/x86_64-linux-gnu/libnss_compat-2.23.so
7f52a2364000-7f52a2563000 ---p 00008000 08:02 5771739                    /lib/x86_64-linux-gnu/libnss_compat-2.23.so
7f52a2563000-7f52a2564000 r--p 00007000 08:02 5771739                    /lib/x86_64-linux-gnu/libnss_compat-2.23.so
7f52a2564000-7f52a2565000 rw-p 00008000 08:02 5771739                    /lib/x86_64-linux-gnu/libnss_compat-2.23.so
7f52a2565000-7f52a2f24000 r--p 00000000 08:02 9444336                    /usr/lib/locale/locale-archive
7f52a2f24000-7f52a2f26000 r-xp 00000000 08:02 12323877                   /opt/jdk1.7.0_80/jre/lib/amd64/libnpt.so
7f52a2f26000-7f52a3126000 ---p 00002000 08:02 12323877                   /opt/jdk1.7.0_80/jre/lib/amd64/libnpt.so
7f52a3126000-7f52a3127000 rw-p 00002000 08:02 12323877                   /opt/jdk1.7.0_80/jre/lib/amd64/libnpt.so
7f52a3127000-7f52a3160000 r-xp 00000000 08:02 12323828                   /opt/jdk1.7.0_80/jre/lib/amd64/libjdwp.so
7f52a3160000-7f52a3360000 ---p 00039000 08:02 12323828                   /opt/jdk1.7.0_80/jre/lib/amd64/libjdwp.so
7f52a3360000-7f52a3361000 rw-p 00039000 08:02 12323828                   /opt/jdk1.7.0_80/jre/lib/amd64/libjdwp.so
7f52a3361000-7f52a3362000 rw-p 00000000 00:00 0 
7f52a3362000-7f52a338b000 r-xp 00000000 08:02 12323821                   /opt/jdk1.7.0_80/jre/lib/amd64/libjava.so
7f52a338b000-7f52a358b000 ---p 00029000 08:02 12323821                   /opt/jdk1.7.0_80/jre/lib/amd64/libjava.so
7f52a358b000-7f52a358d000 rw-p 00029000 08:02 12323821                   /opt/jdk1.7.0_80/jre/lib/amd64/libjava.so
7f52a358d000-7f52a359a000 r-xp 00000000 08:02 12323848                   /opt/jdk1.7.0_80/jre/lib/amd64/libverify.so
7f52a359a000-7f52a3799000 ---p 0000d000 08:02 12323848                   /opt/jdk1.7.0_80/jre/lib/amd64/libverify.so
7f52a3799000-7f52a379b000 rw-p 0000c000 08:02 12323848                   /opt/jdk1.7.0_80/jre/lib/amd64/libverify.so
7f52a379b000-7f52a37a2000 r-xp 00000000 08:02 5771798                    /lib/x86_64-linux-gnu/librt-2.23.so
7f52a37a2000-7f52a39a1000 ---p 00007000 08:02 5771798                    /lib/x86_64-linux-gnu/librt-2.23.so
7f52a39a1000-7f52a39a2000 r--p 00006000 08:02 5771798                    /lib/x86_64-linux-gnu/librt-2.23.so
7f52a39a2000-7f52a39a3000 rw-p 00007000 08:02 5771798                    /lib/x86_64-linux-gnu/librt-2.23.so
7f52a39a3000-7f52a3aab000 r-xp 00000000 08:02 5771714                    /lib/x86_64-linux-gnu/libm-2.23.so
7f52a3aab000-7f52a3caa000 ---p 00108000 08:02 5771714                    /lib/x86_64-linux-gnu/libm-2.23.so
7f52a3caa000-7f52a3cab000 r--p 00107000 08:02 5771714                    /lib/x86_64-linux-gnu/libm-2.23.so
7f52a3cab000-7f52a3cac000 rw-p 00108000 08:02 5771714                    /lib/x86_64-linux-gnu/libm-2.23.so
7f52a3cac000-7f52a4822000 r-xp 00000000 08:02 12323875                   /opt/jdk1.7.0_80/jre/lib/amd64/server/libjvm.so
7f52a4822000-7f52a4a21000 ---p 00b76000 08:02 12323875                   /opt/jdk1.7.0_80/jre/lib/amd64/server/libjvm.so
7f52a4a21000-7f52a4ae5000 rw-p 00b75000 08:02 12323875                   /opt/jdk1.7.0_80/jre/lib/amd64/server/libjvm.so
7f52a4ae5000-7f52a4b26000 rw-p 00000000 00:00 0 
7f52a4b26000-7f52a4ce6000 r-xp 00000000 08:02 5771644                    /lib/x86_64-linux-gnu/libc-2.23.so
7f52a4ce6000-7f52a4ee5000 ---p 001c0000 08:02 5771644                    /lib/x86_64-linux-gnu/libc-2.23.so
7f52a4ee5000-7f52a4ee9000 r--p 001bf000 08:02 5771644                    /lib/x86_64-linux-gnu/libc-2.23.so
7f52a4ee9000-7f52a4eeb000 rw-p 001c3000 08:02 5771644                    /lib/x86_64-linux-gnu/libc-2.23.so
7f52a4eeb000-7f52a4eef000 rw-p 00000000 00:00 0 
7f52a4eef000-7f52a4ef2000 r-xp 00000000 08:02 5771668                    /lib/x86_64-linux-gnu/libdl-2.23.so
7f52a4ef2000-7f52a50f1000 ---p 00003000 08:02 5771668                    /lib/x86_64-linux-gnu/libdl-2.23.so
7f52a50f1000-7f52a50f2000 r--p 00002000 08:02 5771668                    /lib/x86_64-linux-gnu/libdl-2.23.so
7f52a50f2000-7f52a50f3000 rw-p 00003000 08:02 5771668                    /lib/x86_64-linux-gnu/libdl-2.23.so
7f52a50f3000-7f52a5108000 r-xp 00000000 08:02 12586788                   /opt/jdk1.7.0_80/lib/amd64/jli/libjli.so
7f52a5108000-7f52a5307000 ---p 00015000 08:02 12586788                   /opt/jdk1.7.0_80/lib/amd64/jli/libjli.so
7f52a5307000-7f52a5308000 rw-p 00014000 08:02 12586788                   /opt/jdk1.7.0_80/lib/amd64/jli/libjli.so
7f52a5308000-7f52a5320000 r-xp 00000000 08:02 5771790                    /lib/x86_64-linux-gnu/libpthread-2.23.so
7f52a5320000-7f52a551f000 ---p 00018000 08:02 5771790                    /lib/x86_64-linux-gnu/libpthread-2.23.so
7f52a551f000-7f52a5520000 r--p 00017000 08:02 5771790                    /lib/x86_64-linux-gnu/libpthread-2.23.so
7f52a5520000-7f52a5521000 rw-p 00018000 08:02 5771790                    /lib/x86_64-linux-gnu/libpthread-2.23.so
7f52a5521000-7f52a5525000 rw-p 00000000 00:00 0 
7f52a5525000-7f52a554b000 r-xp 00000000 08:02 5771616                    /lib/x86_64-linux-gnu/ld-2.23.so
7f52a5565000-7f52a556f000 rw-p 00000000 00:00 0 
7f52a556f000-7f52a5625000 rw-p 00000000 00:00 0 
7f52a5625000-7f52a5628000 ---p 00000000 00:00 0 
7f52a5628000-7f52a572a000 rw-p 00000000 00:00 0 
7f52a573e000-7f52a5746000 rw-s 00000000 08:02 5644580                    /tmp/hsperfdata_colaborador/1893
7f52a5746000-7f52a5747000 rw-p 00000000 00:00 0 
7f52a5747000-7f52a5748000 r--p 00000000 00:00 0 
7f52a5748000-7f52a574a000 rw-p 00000000 00:00 0 
7f52a574a000-7f52a574b000 r--p 00025000 08:02 5771616                    /lib/x86_64-linux-gnu/ld-2.23.so
7f52a574b000-7f52a574c000 rw-p 00026000 08:02 5771616                    /lib/x86_64-linux-gnu/ld-2.23.so
7f52a574c000-7f52a574d000 rw-p 00000000 00:00 0 
7ffcb8fd6000-7ffcb8ff7000 rw-p 00000000 00:00 0                          [stack]
7ffcb8ff8000-7ffcb8ffa000 r--p 00000000 00:00 0                          [vvar]
7ffcb8ffa000-7ffcb8ffc000 r-xp 00000000 00:00 0                          [vdso]
ffffffffff600000-ffffffffff601000 r-xp 00000000 00:00 0                  [vsyscall]

VM Arguments:
jvm_args: -agentlib:jdwp=transport=dt_socket,suspend=y,address=localhost:43426 -Dprogram.name=JBossTools: Red Hat JBoss EAP 6.1+ -Xms1024m -Xmx1024m -XX:MaxPermSize=2048m -Dorg.jboss.resolver.warning=true -Djava.net.preferIPv4Stack=true -Dsun.rmi.dgc.client.gcInterval=3600000 -Dsun.rmi.dgc.server.gcInterval=3600000 -Djboss.modules.system.pkgs=org.jboss.byteman -Djava.awt.headless=true -Dorg.jboss.boot.log.file=/home/colaborador/ambiente_java/EAP-6.4-digital/standalone/log/boot.log -Dlogging.configuration=file:/home/colaborador/ambiente_java/EAP-6.4-digital/standalone/configuration/logging.properties -Djboss.home.dir=/home/colaborador/ambiente_java/EAP-6.4-digital -Dorg.jboss.logmanager.nocolor=true -Djboss.bind.address.management=localhost -Dfile.encoding=UTF-8 
java_command: org.jboss.modules.Main -mp /home/colaborador/ambiente_java/EAP-6.4-digital/modules -jaxpmodule javax.xml.jaxp-provider -jaxpmodule javax.xml.jaxp-provider org.jboss.as.standalone -b localhost --server-config=standalone.xml -Djboss.server.base.dir=/home/colaborador/ambiente_java/EAP-6.4-digital/standalone
Launcher Type: SUN_STANDARD

Environment Variables:
JAVA_HOME=/opt/jdk1.7.0_80
PATH=native:/home/colaborador/bin:/home/colaborador/.local/bin:/opt/jdk1.7.0_80/bin:/usr/local/sbin:/usr/local/bin:/usr/sbin:/usr/bin:/sbin:/bin:/usr/games:/usr/local/games:/snap/bin:/opt/p4v/bin:
SHELL=/bin/bash
DISPLAY=:0

Signal Handlers:
SIGSEGV: [libjvm.so+0x9a3b20], sa_mask[0]=0x7ffbfeff, sa_flags=0x10000004
SIGBUS: [libjvm.so+0x9a3b20], sa_mask[0]=0x7ffbfeff, sa_flags=0x10000004
SIGFPE: [libjvm.so+0x81e740], sa_mask[0]=0x7ffbfeff, sa_flags=0x10000004
SIGPIPE: [libjvm.so+0x81e740], sa_mask[0]=0x7ffbfeff, sa_flags=0x10000004
SIGXFSZ: [libjvm.so+0x81e740], sa_mask[0]=0x7ffbfeff, sa_flags=0x10000004
SIGILL: [libjvm.so+0x81e740], sa_mask[0]=0x7ffbfeff, sa_flags=0x10000004
SIGUSR1: SIG_DFL, sa_mask[0]=0x00000000, sa_flags=0x00000000
SIGUSR2: [libjvm.so+0x81ffb0], sa_mask[0]=0x00000004, sa_flags=0x10000004
SIGHUP: SIG_DFL, sa_mask[0]=0x00000000, sa_flags=0x00000000
SIGINT: SIG_DFL, sa_mask[0]=0x00000000, sa_flags=0x00000000
SIGTERM: SIG_DFL, sa_mask[0]=0x00000000, sa_flags=0x00000000
SIGQUIT: SIG_DFL, sa_mask[0]=0x00000000, sa_flags=0x00000000


---------------  S Y S T E M  ---------------

OS:stretch/sid

uname:Linux 4.4.0-42-generic #62-Ubuntu SMP Fri Oct 7 23:11:45 UTC 2016 x86_64
libc:glibc 2.23 NPTL 2.23 
rlimit: STACK 8192k, CORE 0k, NPROC 31026, NOFILE 65536, AS infinity
load average:2,06 2,48 2,54

/proc/meminfo:
MemTotal:        8052484 kB
MemFree:          125120 kB
MemAvailable:     177888 kB
Buffers:           22508 kB
Cached:           561984 kB
SwapCached:        75272 kB
Active:          6186736 kB
Inactive:        1355272 kB
Active(anon):    6033980 kB
Inactive(anon):  1262068 kB
Active(file):     152756 kB
Inactive(file):    93204 kB
Unevictable:         196 kB
Mlocked:             196 kB
SwapTotal:       8265724 kB
SwapFree:         217744 kB
Dirty:               464 kB
Writeback:           444 kB
AnonPages:       6887084 kB
Mapped:           339668 kB
Shmem:            338108 kB
Slab:             133704 kB
SReclaimable:      60440 kB
SUnreclaim:        73264 kB
KernelStack:       39760 kB
PageTables:       132124 kB
NFS_Unstable:          0 kB
Bounce:                0 kB
WritebackTmp:          0 kB
CommitLimit:    12291964 kB
Committed_AS:   34008724 kB
VmallocTotal:   34359738367 kB
VmallocUsed:           0 kB
VmallocChunk:          0 kB
HardwareCorrupted:     0 kB
AnonHugePages:   1396736 kB
CmaTotal:              0 kB
CmaFree:               0 kB
HugePages_Total:       0
HugePages_Free:        0
HugePages_Rsvd:        0
HugePages_Surp:        0
Hugepagesize:       2048 kB
DirectMap4k:      244480 kB
DirectMap2M:     8022016 kB
DirectMap1G:     1048576 kB


CPU:total 4 (2 cores per cpu, 2 threads per core) family 6 model 69 stepping 1, cmov, cx8, fxsr, mmx, sse, sse2, sse3, ssse3, sse4.1, sse4.2, popcnt, avx, avx2, aes, erms, ht, tsc, tscinvbit

/proc/cpuinfo:
processor	: 0
vendor_id	: GenuineIntel
cpu family	: 6
model		: 69
model name	: Intel(R) Core(TM) i5-4200U CPU @ 1.60GHz
stepping	: 1
microcode	: 0x1d
cpu MHz		: 2300.000
cache size	: 3072 KB
physical id	: 0
siblings	: 4
core id		: 0
cpu cores	: 2
apicid		: 0
initial apicid	: 0
fpu		: yes
fpu_exception	: yes
cpuid level	: 13
wp		: yes
flags		: fpu vme de pse tsc msr pae mce cx8 apic sep mtrr pge mca cmov pat pse36 clflush dts acpi mmx fxsr sse sse2 ss ht tm pbe syscall nx pdpe1gb rdtscp lm constant_tsc arch_perfmon pebs bts rep_good nopl xtopology nonstop_tsc aperfmperf eagerfpu pni pclmulqdq dtes64 monitor ds_cpl vmx est tm2 ssse3 sdbg fma cx16 xtpr pdcm pcid sse4_1 sse4_2 movbe popcnt tsc_deadline_timer aes xsave avx f16c rdrand lahf_lm abm epb tpr_shadow vnmi flexpriority ept vpid fsgsbase tsc_adjust bmi1 avx2 smep bmi2 erms invpcid xsaveopt dtherm ida arat pln pts
bugs		:
bogomips	: 4589.22
clflush size	: 64
cache_alignment	: 64
address sizes	: 39 bits physical, 48 bits virtual
power management:

processor	: 1
vendor_id	: GenuineIntel
cpu family	: 6
model		: 69
model name	: Intel(R) Core(TM) i5-4200U CPU @ 1.60GHz
stepping	: 1
microcode	: 0x1d
cpu MHz		: 2299.910
cache size	: 3072 KB
physical id	: 0
siblings	: 4
core id		: 0
cpu cores	: 2
apicid		: 1
initial apicid	: 1
fpu		: yes
fpu_exception	: yes
cpuid level	: 13
wp		: yes
flags		: fpu vme de pse tsc msr pae mce cx8 apic sep mtrr pge mca cmov pat pse36 clflush dts acpi mmx fxsr sse sse2 ss ht tm pbe syscall nx pdpe1gb rdtscp lm constant_tsc arch_perfmon pebs bts rep_good nopl xtopology nonstop_tsc aperfmperf eagerfpu pni pclmulqdq dtes64 monitor ds_cpl vmx est tm2 ssse3 sdbg fma cx16 xtpr pdcm pcid sse4_1 sse4_2 movbe popcnt tsc_deadline_timer aes xsave avx f16c rdrand lahf_lm abm epb tpr_shadow vnmi flexpriority ept vpid fsgsbase tsc_adjust bmi1 avx2 smep bmi2 erms invpcid xsaveopt dtherm ida arat pln pts
bugs		:
bogomips	: 4589.22
clflush size	: 64
cache_alignment	: 64
address sizes	: 39 bits physical, 48 bits virtual
power management:

processor	: 2
vendor_id	: GenuineIntel
cpu family	: 6
model		: 69
model name	: Intel(R) Core(TM) i5-4200U CPU @ 1.60GHz
stepping	: 1
microcode	: 0x1d
cpu MHz		: 2299.910
cache size	: 3072 KB
physical id	: 0
siblings	: 4
core id		: 1
cpu cores	: 2
apicid		: 2
initial apicid	: 2
fpu		: yes
fpu_exception	: yes
cpuid level	: 13
wp		: yes
flags		: fpu vme de pse tsc msr pae mce cx8 apic sep mtrr pge mca cmov pat pse36 clflush dts acpi mmx fxsr sse sse2 ss ht tm pbe syscall nx pdpe1gb rdtscp lm constant_tsc arch_perfmon pebs bts rep_good nopl xtopology nonstop_tsc aperfmperf eagerfpu pni pclmulqdq dtes64 monitor ds_cpl vmx est tm2 ssse3 sdbg fma cx16 xtpr pdcm pcid sse4_1 sse4_2 movbe popcnt tsc_deadline_timer aes xsave avx f16c rdrand lahf_lm abm epb tpr_shadow vnmi flexpriority ept vpid fsgsbase tsc_adjust bmi1 avx2 smep bmi2 erms invpcid xsaveopt dtherm ida arat pln pts
bugs		:
bogomips	: 4589.22
clflush size	: 64
cache_alignment	: 64
address sizes	: 39 bits physical, 48 bits virtual
power management:

processor	: 3
vendor_id	: GenuineIntel
cpu family	: 6
model		: 69
model name	: Intel(R) Core(TM) i5-4200U CPU @ 1.60GHz
stepping	: 1
microcode	: 0x1d
cpu MHz		: 2299.910
cache size	: 3072 KB
physical id	: 0
siblings	: 4
core id		: 1
cpu cores	: 2
apicid		: 3
initial apicid	: 3
fpu		: yes
fpu_exception	: yes
cpuid level	: 13
wp		: yes
flags		: fpu vme de pse tsc msr pae mce cx8 apic sep mtrr pge mca cmov pat pse36 clflush dts acpi mmx fxsr sse sse2 ss ht tm pbe syscall nx pdpe1gb rdtscp lm constant_tsc arch_perfmon pebs bts rep_good nopl xtopology nonstop_tsc aperfmperf eagerfpu pni pclmulqdq dtes64 monitor ds_cpl vmx est tm2 ssse3 sdbg fma cx16 xtpr pdcm pcid sse4_1 sse4_2 movbe popcnt tsc_deadline_timer aes xsave avx f16c rdrand lahf_lm abm epb tpr_shadow vnmi flexpriority ept vpid fsgsbase tsc_adjust bmi1 avx2 smep bmi2 erms invpcid xsaveopt dtherm ida arat pln pts
bugs		:
bogomips	: 4589.22
clflush size	: 64
cache_alignment	: 64
address sizes	: 39 bits physical, 48 bits virtual
power management:



Memory: 4k page, physical 8052484k(125120k free), swap 8265724k(217744k free)

vm_info: Java HotSpot(TM) 64-Bit Server VM (24.80-b11) for linux-amd64 JRE (1.7.0_80-b15), built on Apr 10 2015 19:53:14 by "java_re" with gcc 4.3.0 20080428 (Red Hat 4.3.0-8)

time: Tue Oct 25 17:07:43 2016
elapsed time: 0 seconds

