#
# There is insufficient memory for the Java Runtime Environment to continue.
# Native memory allocation (malloc) failed to allocate 1431830528 bytes for committing reserved memory.
# Possible reasons:
#   The system is out of physical RAM or swap space
#   In 32 bit mode, the process size limit was hit
# Possible solutions:
#   Reduce memory load on the system
#   Increase physical memory or swap space
#   Check if swap backing store is full
#   Use 64 bit Java on a 64 bit OS
#   Decrease Java heap size (-Xmx/-Xms)
#   Decrease number of Java threads
#   Decrease Java thread stack sizes (-Xss)
#   Set larger code cache with -XX:ReservedCodeCacheSize=
# This output file may be truncated or incomplete.
#
#  Out of Memory Error (os_linux.cpp:2756), pid=17949, tid=140140647626496
#
# JRE version:  (7.0_80-b15) (build )
# Java VM: Java HotSpot(TM) 64-Bit Server VM (24.80-b11 mixed mode linux-amd64 compressed oops)
# Failed to write core dump. Core dumps have been disabled. To enable core dumping, try "ulimit -c unlimited" before starting Java again
#

---------------  T H R E A D  ---------------

Current thread (0x00007f750000a800):  JavaThread "Unknown thread" [_thread_in_vm, id=17955, stack(0x00007f7509753000,0x00007f7509854000)]

Stack: [0x00007f7509753000,0x00007f7509854000],  sp=0x00007f7509852270,  free space=1020k
Native frames: (J=compiled Java code, j=interpreted, Vv=VM code, C=native code)
V  [libjvm.so+0x9a320a]  VMError::report_and_die()+0x2ea
V  [libjvm.so+0x498d3b]  report_vm_out_of_memory(char const*, int, unsigned long, char const*)+0x9b
V  [libjvm.so+0x82191e]  os::Linux::commit_memory_impl(char*, unsigned long, bool)+0xfe
V  [libjvm.so+0x821e69]  os::pd_commit_memory(char*, unsigned long, unsigned long, bool)+0x29
V  [libjvm.so+0x81bb6a]  os::commit_memory(char*, unsigned long, unsigned long, bool)+0x2a
V  [libjvm.so+0x88d623]  PSVirtualSpace::expand_by(unsigned long)+0x53
V  [libjvm.so+0x87c293]  PSOldGen::initialize(ReservedSpace, unsigned long, char const*, int)+0x103
V  [libjvm.so+0x29ace3]  AdjoiningGenerations::AdjoiningGenerations(ReservedSpace, unsigned long, unsigned long, unsigned long, unsigned long, unsigned long, unsigned long, unsigned long)+0x3e3
V  [libjvm.so+0x843215]  ParallelScavengeHeap::initialize()+0x4d5
V  [libjvm.so+0x97509a]  Universe::initialize_heap()+0xca
V  [libjvm.so+0x976269]  universe_init()+0x79
V  [libjvm.so+0x5b2f25]  init_globals()+0x65
V  [libjvm.so+0x95db4d]  Threads::create_vm(JavaVMInitArgs*, bool*)+0x1ed
V  [libjvm.so+0x63b2e4]  JNI_CreateJavaVM+0x74
C  [libjli.so+0x2f8e]  JavaMain+0x9e


---------------  P R O C E S S  ---------------

Java Threads: ( => current thread )

Other Threads:

=>0x00007f750000a800 (exited) JavaThread "Unknown thread" [_thread_in_vm, id=17955, stack(0x00007f7509753000,0x00007f7509854000)]

VM state:not at safepoint (not fully initialized)

VM Mutex/Monitor currently owned by a thread: None

GC Heap History (0 events):
No events

Deoptimization events (0 events):
No events

Internal exceptions (0 events):
No events

Events (0 events):
No events


Dynamic libraries:
00400000-00401000 r-xp 00000000 08:02 12979744                           /opt/jdk1.7.0_80/bin/java
00600000-00601000 rw-p 00000000 08:02 12979744                           /opt/jdk1.7.0_80/bin/java
00bdb000-00bfc000 rw-p 00000000 00:00 0                                  [heap]
680000000-700000000 rw-p 00000000 00:00 0 
755580000-7aaa80000 rw-p 00000000 00:00 0 
7aaa80000-7d5580000 rw-p 00000000 00:00 0 
7d5580000-800000000 rw-p 00000000 00:00 0 
7f74fd000000-7f74fd270000 rwxp 00000000 00:00 0 
7f74fd270000-7f7500028000 rw-p 00000000 00:00 0 
7f7500028000-7f7504000000 ---p 00000000 00:00 0 
7f7505bee000-7f7505e37000 rw-p 00000000 00:00 0 
7f7505e37000-7f750678c000 rw-p 00000000 00:00 0 
7f750678c000-7f75068e2000 rw-p 00000000 00:00 0 
7f75068e2000-7f7506a37000 rw-p 00000000 00:00 0 
7f7506a37000-7f7506a38000 rw-p 00000000 00:00 0 
7f7506a38000-7f7506a4f000 r-xp 00000000 08:02 12323855                   /opt/jdk1.7.0_80/jre/lib/amd64/libzip.so
7f7506a4f000-7f7506c4f000 ---p 00017000 08:02 12323855                   /opt/jdk1.7.0_80/jre/lib/amd64/libzip.so
7f7506c4f000-7f7506c50000 rw-p 00017000 08:02 12323855                   /opt/jdk1.7.0_80/jre/lib/amd64/libzip.so
7f7506c50000-7f7506c5b000 r-xp 00000000 08:02 5768034                    /lib/x86_64-linux-gnu/libnss_files-2.23.so
7f7506c5b000-7f7506e5a000 ---p 0000b000 08:02 5768034                    /lib/x86_64-linux-gnu/libnss_files-2.23.so
7f7506e5a000-7f7506e5b000 r--p 0000a000 08:02 5768034                    /lib/x86_64-linux-gnu/libnss_files-2.23.so
7f7506e5b000-7f7506e5c000 rw-p 0000b000 08:02 5768034                    /lib/x86_64-linux-gnu/libnss_files-2.23.so
7f7506e5c000-7f7506e62000 rw-p 00000000 00:00 0 
7f7506e62000-7f7506e6d000 r-xp 00000000 08:02 5768041                    /lib/x86_64-linux-gnu/libnss_nis-2.23.so
7f7506e6d000-7f750706c000 ---p 0000b000 08:02 5768041                    /lib/x86_64-linux-gnu/libnss_nis-2.23.so
7f750706c000-7f750706d000 r--p 0000a000 08:02 5768041                    /lib/x86_64-linux-gnu/libnss_nis-2.23.so
7f750706d000-7f750706e000 rw-p 0000b000 08:02 5768041                    /lib/x86_64-linux-gnu/libnss_nis-2.23.so
7f750706e000-7f7507084000 r-xp 00000000 08:02 5768002                    /lib/x86_64-linux-gnu/libnsl-2.23.so
7f7507084000-7f7507283000 ---p 00016000 08:02 5768002                    /lib/x86_64-linux-gnu/libnsl-2.23.so
7f7507283000-7f7507284000 r--p 00015000 08:02 5768002                    /lib/x86_64-linux-gnu/libnsl-2.23.so
7f7507284000-7f7507285000 rw-p 00016000 08:02 5768002                    /lib/x86_64-linux-gnu/libnsl-2.23.so
7f7507285000-7f7507287000 rw-p 00000000 00:00 0 
7f7507287000-7f750728f000 r-xp 00000000 08:02 5768024                    /lib/x86_64-linux-gnu/libnss_compat-2.23.so
7f750728f000-7f750748e000 ---p 00008000 08:02 5768024                    /lib/x86_64-linux-gnu/libnss_compat-2.23.so
7f750748e000-7f750748f000 r--p 00007000 08:02 5768024                    /lib/x86_64-linux-gnu/libnss_compat-2.23.so
7f750748f000-7f7507490000 rw-p 00008000 08:02 5768024                    /lib/x86_64-linux-gnu/libnss_compat-2.23.so
7f7507490000-7f75074b9000 r-xp 00000000 08:02 12323821                   /opt/jdk1.7.0_80/jre/lib/amd64/libjava.so
7f75074b9000-7f75076b9000 ---p 00029000 08:02 12323821                   /opt/jdk1.7.0_80/jre/lib/amd64/libjava.so
7f75076b9000-7f75076bb000 rw-p 00029000 08:02 12323821                   /opt/jdk1.7.0_80/jre/lib/amd64/libjava.so
7f75076bb000-7f75076c8000 r-xp 00000000 08:02 12323848                   /opt/jdk1.7.0_80/jre/lib/amd64/libverify.so
7f75076c8000-7f75078c7000 ---p 0000d000 08:02 12323848                   /opt/jdk1.7.0_80/jre/lib/amd64/libverify.so
7f75078c7000-7f75078c9000 rw-p 0000c000 08:02 12323848                   /opt/jdk1.7.0_80/jre/lib/amd64/libverify.so
7f75078c9000-7f75078d0000 r-xp 00000000 08:02 5768042                    /lib/x86_64-linux-gnu/librt-2.23.so
7f75078d0000-7f7507acf000 ---p 00007000 08:02 5768042                    /lib/x86_64-linux-gnu/librt-2.23.so
7f7507acf000-7f7507ad0000 r--p 00006000 08:02 5768042                    /lib/x86_64-linux-gnu/librt-2.23.so
7f7507ad0000-7f7507ad1000 rw-p 00007000 08:02 5768042                    /lib/x86_64-linux-gnu/librt-2.23.so
7f7507ad1000-7f7507bd9000 r-xp 00000000 08:02 5768000                    /lib/x86_64-linux-gnu/libm-2.23.so
7f7507bd9000-7f7507dd8000 ---p 00108000 08:02 5768000                    /lib/x86_64-linux-gnu/libm-2.23.so
7f7507dd8000-7f7507dd9000 r--p 00107000 08:02 5768000                    /lib/x86_64-linux-gnu/libm-2.23.so
7f7507dd9000-7f7507dda000 rw-p 00108000 08:02 5768000                    /lib/x86_64-linux-gnu/libm-2.23.so
7f7507dda000-7f7508950000 r-xp 00000000 08:02 12323875                   /opt/jdk1.7.0_80/jre/lib/amd64/server/libjvm.so
7f7508950000-7f7508b4f000 ---p 00b76000 08:02 12323875                   /opt/jdk1.7.0_80/jre/lib/amd64/server/libjvm.so
7f7508b4f000-7f7508c13000 rw-p 00b75000 08:02 12323875                   /opt/jdk1.7.0_80/jre/lib/amd64/server/libjvm.so
7f7508c13000-7f7508c54000 rw-p 00000000 00:00 0 
7f7508c54000-7f7508e14000 r-xp 00000000 08:02 5768008                    /lib/x86_64-linux-gnu/libc-2.23.so
7f7508e14000-7f7509014000 ---p 001c0000 08:02 5768008                    /lib/x86_64-linux-gnu/libc-2.23.so
7f7509014000-7f7509018000 r--p 001c0000 08:02 5768008                    /lib/x86_64-linux-gnu/libc-2.23.so
7f7509018000-7f750901a000 rw-p 001c4000 08:02 5768008                    /lib/x86_64-linux-gnu/libc-2.23.so
7f750901a000-7f750901e000 rw-p 00000000 00:00 0 
7f750901e000-7f7509021000 r-xp 00000000 08:02 5768012                    /lib/x86_64-linux-gnu/libdl-2.23.so
7f7509021000-7f7509220000 ---p 00003000 08:02 5768012                    /lib/x86_64-linux-gnu/libdl-2.23.so
7f7509220000-7f7509221000 r--p 00002000 08:02 5768012                    /lib/x86_64-linux-gnu/libdl-2.23.so
7f7509221000-7f7509222000 rw-p 00003000 08:02 5768012                    /lib/x86_64-linux-gnu/libdl-2.23.so
7f7509222000-7f7509237000 r-xp 00000000 08:02 12586788                   /opt/jdk1.7.0_80/lib/amd64/jli/libjli.so
7f7509237000-7f7509436000 ---p 00015000 08:02 12586788                   /opt/jdk1.7.0_80/lib/amd64/jli/libjli.so
7f7509436000-7f7509437000 rw-p 00014000 08:02 12586788                   /opt/jdk1.7.0_80/lib/amd64/jli/libjli.so
7f7509437000-7f750944f000 r-xp 00000000 08:02 5768006                    /lib/x86_64-linux-gnu/libpthread-2.23.so
7f750944f000-7f750964e000 ---p 00018000 08:02 5768006                    /lib/x86_64-linux-gnu/libpthread-2.23.so
7f750964e000-7f750964f000 r--p 00017000 08:02 5768006                    /lib/x86_64-linux-gnu/libpthread-2.23.so
7f750964f000-7f7509650000 rw-p 00018000 08:02 5768006                    /lib/x86_64-linux-gnu/libpthread-2.23.so
7f7509650000-7f7509654000 rw-p 00000000 00:00 0 
7f7509654000-7f750967a000 r-xp 00000000 08:02 5768004                    /lib/x86_64-linux-gnu/ld-2.23.so
7f7509693000-7f750969d000 rw-p 00000000 00:00 0 
7f750969d000-7f7509753000 rw-p 00000000 00:00 0 
7f7509753000-7f7509756000 ---p 00000000 00:00 0 
7f7509756000-7f7509859000 rw-p 00000000 00:00 0 
7f750986f000-7f7509877000 rw-s 00000000 08:02 5643202                    /tmp/hsperfdata_colaborador/17949
7f7509877000-7f7509878000 rw-p 00000000 00:00 0 
7f7509878000-7f7509879000 r--p 00000000 00:00 0 
7f7509879000-7f750987a000 r--p 00025000 08:02 5768004                    /lib/x86_64-linux-gnu/ld-2.23.so
7f750987a000-7f750987b000 rw-p 00026000 08:02 5768004                    /lib/x86_64-linux-gnu/ld-2.23.so
7f750987b000-7f750987c000 rw-p 00000000 00:00 0 
7ffd4cc39000-7ffd4cc5a000 rw-p 00000000 00:00 0                          [stack]
7ffd4cd87000-7ffd4cd8a000 r--p 00000000 00:00 0                          [vvar]
7ffd4cd8a000-7ffd4cd8c000 r-xp 00000000 00:00 0                          [vdso]
ffffffffff600000-ffffffffff601000 r-xp 00000000 00:00 0                  [vsyscall]

VM Arguments:
jvm_args: -Dprogram.name=JBossTools: Red Hat JBoss EAP 6.1+ -Xms2048m -Xmx4096m -XX:MaxPermSize=2048m -Dorg.jboss.resolver.warning=true -Djava.net.preferIPv4Stack=true -Dsun.rmi.dgc.client.gcInterval=3600000 -Dsun.rmi.dgc.server.gcInterval=3600000 -Djboss.modules.system.pkgs=org.jboss.byteman -Djava.awt.headless=true -Dorg.jboss.boot.log.file=/home/colaborador/ambiente_java/EAP-6.4-digital-homo/standalone/log/boot.log -Dlogging.configuration=file:/home/colaborador/ambiente_java/EAP-6.4-digital-homo/standalone/configuration/logging.properties -Djboss.home.dir=/home/colaborador/ambiente_java/EAP-6.4-digital-homo -Dorg.jboss.logmanager.nocolor=true -Djboss.bind.address.management=localhost -Dfile.encoding=UTF-8 
java_command: org.jboss.modules.Main -mp /home/colaborador/ambiente_java/EAP-6.4-digital-homo/modules -jaxpmodule javax.xml.jaxp-provider -jaxpmodule javax.xml.jaxp-provider org.jboss.as.standalone -b 0.0.0.0 --server-config=standalone.xml -Djboss.server.base.dir=/home/colaborador/ambiente_java/EAP-6.4-digital-homo/standalone
Launcher Type: SUN_STANDARD

Environment Variables:
JAVA_HOME=/opt/jdk1.7.0_80
PATH=native:/opt/jdk1.7.0_80/bin:/usr/local/sbin:/usr/local/bin:/usr/sbin:/usr/bin:/sbin:/bin:/usr/games:/usr/local/games:/snap/bin:/opt/p4v/bin:
SHELL=/bin/bash
DISPLAY=:0

Signal Handlers:
SIGSEGV: [libjvm.so+0x9a3b20], sa_mask[0]=0x7ffbfeff, sa_flags=0x10000004
SIGBUS: [libjvm.so+0x9a3b20], sa_mask[0]=0x7ffbfeff, sa_flags=0x10000004
SIGFPE: [libjvm.so+0x81e740], sa_mask[0]=0x7ffbfeff, sa_flags=0x10000004
SIGPIPE: [libjvm.so+0x81e740], sa_mask[0]=0x7ffbfeff, sa_flags=0x10000004
SIGXFSZ: [libjvm.so+0x81e740], sa_mask[0]=0x7ffbfeff, sa_flags=0x10000004
SIGILL: [libjvm.so+0x81e740], sa_mask[0]=0x7ffbfeff, sa_flags=0x10000004
SIGUSR1: SIG_DFL, sa_mask[0]=0x00000000, sa_flags=0x00000000
SIGUSR2: [libjvm.so+0x81ffb0], sa_mask[0]=0x00000004, sa_flags=0x10000004
SIGHUP: SIG_DFL, sa_mask[0]=0x00000000, sa_flags=0x00000000
SIGINT: SIG_DFL, sa_mask[0]=0x00000000, sa_flags=0x00000000
SIGTERM: SIG_DFL, sa_mask[0]=0x00000000, sa_flags=0x00000000
SIGQUIT: SIG_DFL, sa_mask[0]=0x00000000, sa_flags=0x00000000


---------------  S Y S T E M  ---------------

OS:stretch/sid

uname:Linux 4.4.0-109-generic #132-Ubuntu SMP Tue Jan 9 19:52:39 UTC 2018 x86_64
libc:glibc 2.23 NPTL 2.23 
rlimit: STACK 8192k, CORE 0k, NPROC 30716, NOFILE 1048576, AS infinity
load average:3.35 1.99 1.54

/proc/meminfo:
MemTotal:        8089292 kB
MemFree:          142800 kB
MemAvailable:     143716 kB
Buffers:           25148 kB
Cached:           385328 kB
SwapCached:       107976 kB
Active:          6181808 kB
Inactive:        1290140 kB
Active(anon):    6095716 kB
Inactive(anon):  1209776 kB
Active(file):      86092 kB
Inactive(file):    80364 kB
Unevictable:         520 kB
Mlocked:             520 kB
SwapTotal:       8265724 kB
SwapFree:         726576 kB
Dirty:              3188 kB
Writeback:            32 kB
AnonPages:       6958352 kB
Mapped:           170824 kB
Shmem:            243224 kB
Slab:             181028 kB
SReclaimable:     107352 kB
SUnreclaim:        73676 kB
KernelStack:       35376 kB
PageTables:       147096 kB
NFS_Unstable:          0 kB
Bounce:                0 kB
WritebackTmp:          0 kB
CommitLimit:    12310368 kB
Committed_AS:   30477804 kB
VmallocTotal:   34359738367 kB
VmallocUsed:           0 kB
VmallocChunk:          0 kB
HardwareCorrupted:     0 kB
AnonHugePages:   1038336 kB
CmaTotal:              0 kB
CmaFree:               0 kB
HugePages_Total:       0
HugePages_Free:        0
HugePages_Rsvd:        0
HugePages_Surp:        0
Hugepagesize:       2048 kB
DirectMap4k:      291116 kB
DirectMap2M:     8011776 kB
DirectMap1G:           0 kB


CPU:total 4 (2 cores per cpu, 2 threads per core) family 6 model 69 stepping 1, cmov, cx8, fxsr, mmx, sse, sse2, sse3, ssse3, sse4.1, sse4.2, popcnt, avx, avx2, aes, erms, ht, tsc, tscinvbit

/proc/cpuinfo:
processor	: 0
vendor_id	: GenuineIntel
cpu family	: 6
model		: 69
model name	: Intel(R) Core(TM) i7-4510U CPU @ 2.00GHz
stepping	: 1
microcode	: 0x21
cpu MHz		: 2799.976
cache size	: 4096 KB
physical id	: 0
siblings	: 4
core id		: 0
cpu cores	: 2
apicid		: 0
initial apicid	: 0
fpu		: yes
fpu_exception	: yes
cpuid level	: 13
wp		: yes
flags		: fpu vme de pse tsc msr pae mce cx8 apic sep mtrr pge mca cmov pat pse36 clflush dts acpi mmx fxsr sse sse2 ss ht tm pbe syscall nx pdpe1gb rdtscp lm constant_tsc arch_perfmon pebs bts rep_good nopl xtopology nonstop_tsc aperfmperf eagerfpu pni pclmulqdq dtes64 monitor ds_cpl vmx est tm2 ssse3 sdbg fma cx16 xtpr pdcm pcid sse4_1 sse4_2 movbe popcnt tsc_deadline_timer aes xsave avx f16c rdrand lahf_lm abm epb invpcid_single kaiser tpr_shadow vnmi flexpriority ept vpid fsgsbase tsc_adjust bmi1 avx2 smep bmi2 erms invpcid xsaveopt dtherm ida arat pln pts
bugs		:
bogomips	: 5187.48
clflush size	: 64
cache_alignment	: 64
address sizes	: 39 bits physical, 48 bits virtual
power management:

processor	: 1
vendor_id	: GenuineIntel
cpu family	: 6
model		: 69
model name	: Intel(R) Core(TM) i7-4510U CPU @ 2.00GHz
stepping	: 1
microcode	: 0x21
cpu MHz		: 2799.976
cache size	: 4096 KB
physical id	: 0
siblings	: 4
core id		: 1
cpu cores	: 2
apicid		: 2
initial apicid	: 2
fpu		: yes
fpu_exception	: yes
cpuid level	: 13
wp		: yes
flags		: fpu vme de pse tsc msr pae mce cx8 apic sep mtrr pge mca cmov pat pse36 clflush dts acpi mmx fxsr sse sse2 ss ht tm pbe syscall nx pdpe1gb rdtscp lm constant_tsc arch_perfmon pebs bts rep_good nopl xtopology nonstop_tsc aperfmperf eagerfpu pni pclmulqdq dtes64 monitor ds_cpl vmx est tm2 ssse3 sdbg fma cx16 xtpr pdcm pcid sse4_1 sse4_2 movbe popcnt tsc_deadline_timer aes xsave avx f16c rdrand lahf_lm abm epb invpcid_single kaiser tpr_shadow vnmi flexpriority ept vpid fsgsbase tsc_adjust bmi1 avx2 smep bmi2 erms invpcid xsaveopt dtherm ida arat pln pts
bugs		:
bogomips	: 5187.48
clflush size	: 64
cache_alignment	: 64
address sizes	: 39 bits physical, 48 bits virtual
power management:

processor	: 2
vendor_id	: GenuineIntel
cpu family	: 6
model		: 69
model name	: Intel(R) Core(TM) i7-4510U CPU @ 2.00GHz
stepping	: 1
microcode	: 0x21
cpu MHz		: 2799.976
cache size	: 4096 KB
physical id	: 0
siblings	: 4
core id		: 0
cpu cores	: 2
apicid		: 1
initial apicid	: 1
fpu		: yes
fpu_exception	: yes
cpuid level	: 13
wp		: yes
flags		: fpu vme de pse tsc msr pae mce cx8 apic sep mtrr pge mca cmov pat pse36 clflush dts acpi mmx fxsr sse sse2 ss ht tm pbe syscall nx pdpe1gb rdtscp lm constant_tsc arch_perfmon pebs bts rep_good nopl xtopology nonstop_tsc aperfmperf eagerfpu pni pclmulqdq dtes64 monitor ds_cpl vmx est tm2 ssse3 sdbg fma cx16 xtpr pdcm pcid sse4_1 sse4_2 movbe popcnt tsc_deadline_timer aes xsave avx f16c rdrand lahf_lm abm epb invpcid_single kaiser tpr_shadow vnmi flexpriority ept vpid fsgsbase tsc_adjust bmi1 avx2 smep bmi2 erms invpcid xsaveopt dtherm ida arat pln pts
bugs		:
bogomips	: 5187.48
clflush size	: 64
cache_alignment	: 64
address sizes	: 39 bits physical, 48 bits virtual
power management:

processor	: 3
vendor_id	: GenuineIntel
cpu family	: 6
model		: 69
model name	: Intel(R) Core(TM) i7-4510U CPU @ 2.00GHz
stepping	: 1
microcode	: 0x21
cpu MHz		: 2799.976
cache size	: 4096 KB
physical id	: 0
siblings	: 4
core id		: 1
cpu cores	: 2
apicid		: 3
initial apicid	: 3
fpu		: yes
fpu_exception	: yes
cpuid level	: 13
wp		: yes
flags		: fpu vme de pse tsc msr pae mce cx8 apic sep mtrr pge mca cmov pat pse36 clflush dts acpi mmx fxsr sse sse2 ss ht tm pbe syscall nx pdpe1gb rdtscp lm constant_tsc arch_perfmon pebs bts rep_good nopl xtopology nonstop_tsc aperfmperf eagerfpu pni pclmulqdq dtes64 monitor ds_cpl vmx est tm2 ssse3 sdbg fma cx16 xtpr pdcm pcid sse4_1 sse4_2 movbe popcnt tsc_deadline_timer aes xsave avx f16c rdrand lahf_lm abm epb invpcid_single kaiser tpr_shadow vnmi flexpriority ept vpid fsgsbase tsc_adjust bmi1 avx2 smep bmi2 erms invpcid xsaveopt dtherm ida arat pln pts
bugs		:
bogomips	: 5187.48
clflush size	: 64
cache_alignment	: 64
address sizes	: 39 bits physical, 48 bits virtual
power management:



Memory: 4k page, physical 8089292k(142800k free), swap 8265724k(726576k free)

vm_info: Java HotSpot(TM) 64-Bit Server VM (24.80-b11) for linux-amd64 JRE (1.7.0_80-b15), built on Apr 10 2015 19:53:14 by "java_re" with gcc 4.3.0 20080428 (Red Hat 4.3.0-8)

time: Fri Jan 19 16:03:38 2018
elapsed time: 0 seconds

