18:37:36,868 INFO  [org.jboss.modules] (main) JBoss Modules version 1.3.6.Final-redhat-1
18:37:37,665 INFO  [org.jboss.msc] (main) JBoss MSC version 1.1.5.Final-redhat-1
18:37:37,888 INFO  [org.jboss.as] (MSC service thread 1-7) JBAS015899: JBoss EAP 6.4.0.GA (AS 7.5.0.Final-redhat-21) starting
18:37:37,915 DEBUG [org.jboss.as.config] (MSC service thread 1-7) Configured system properties:
	[Server:server-two] = 
	awt.toolkit = sun.awt.X11.XToolkit
	file.encoding = UTF-8
	file.encoding.pkg = sun.io
	file.separator = /
	java.awt.graphicsenv = sun.awt.X11GraphicsEnvironment
	java.awt.headless = true
	java.awt.printerjob = sun.print.PSPrinterJob
	java.class.path = /home/colaborador/ambiente_java/EAP-6.4-digital/jboss-modules.jar
	java.class.version = 51.0
	java.endorsed.dirs = /opt/jdk1.7.0_80/jre/lib/endorsed
	java.ext.dirs = /opt/jdk1.7.0_80/jre/lib/ext:/usr/java/packages/lib/ext
	java.home = /opt/jdk1.7.0_80/jre
	java.io.tmpdir = /tmp
	java.library.path = /usr/java/packages/lib/amd64:/usr/lib64:/lib64:/lib:/usr/lib
	java.net.preferIPv4Stack = true
	java.runtime.name = Java(TM) SE Runtime Environment
	java.runtime.version = 1.7.0_80-b15
	java.specification.name = Java Platform API Specification
	java.specification.vendor = Oracle Corporation
	java.specification.version = 1.7
	java.util.logging.manager = org.jboss.logmanager.LogManager
	java.vendor = Oracle Corporation
	java.vendor.url = http://java.oracle.com/
	java.vendor.url.bug = http://bugreport.sun.com/bugreport/
	java.version = 1.7.0_80
	java.vm.info = mixed mode
	java.vm.name = Java HotSpot(TM) 64-Bit Server VM
	java.vm.specification.name = Java Virtual Machine Specification
	java.vm.specification.vendor = Oracle Corporation
	java.vm.specification.version = 1.7
	java.vm.vendor = Oracle Corporation
	java.vm.version = 24.80-b11
	javax.management.builder.initial = org.jboss.as.jmx.PluggableMBeanServerBuilder
	javax.xml.datatype.DatatypeFactory = __redirected.__DatatypeFactory
	javax.xml.parsers.DocumentBuilderFactory = __redirected.__DocumentBuilderFactory
	javax.xml.parsers.SAXParserFactory = __redirected.__SAXParserFactory
	javax.xml.stream.XMLEventFactory = __redirected.__XMLEventFactory
	javax.xml.stream.XMLInputFactory = __redirected.__XMLInputFactory
	javax.xml.stream.XMLOutputFactory = __redirected.__XMLOutputFactory
	javax.xml.transform.TransformerFactory = __redirected.__TransformerFactory
	javax.xml.validation.SchemaFactory:http://www.w3.org/2001/XMLSchema = __redirected.__SchemaFactory
	javax.xml.xpath.XPathFactory:http://java.sun.com/jaxp/xpath/dom = __redirected.__XPathFactory
	jboss.domain.base.dir = /home/colaborador/ambiente_java/EAP-6.4-digital/domain
	jboss.domain.config.dir = /home/colaborador/ambiente_java/EAP-6.4-digital/domain/configuration
	jboss.home.dir = /home/colaborador/ambiente_java/EAP-6.4-digital
	jboss.host.name = campinas
	jboss.modules.dir = /home/colaborador/ambiente_java/EAP-6.4-digital/modules
	jboss.modules.policy-permissions = true
	jboss.modules.system.pkgs = org.jboss.byteman
	jboss.node.name = master:server-two
	jboss.qualified.host.name = campinas
	jboss.server.base.dir = /home/colaborador/ambiente_java/EAP-6.4-digital/domain/servers/server-two
	jboss.server.config.dir = /home/colaborador/ambiente_java/EAP-6.4-digital/domain/servers/server-two/configuration
	jboss.server.data.dir = /home/colaborador/ambiente_java/EAP-6.4-digital/domain/servers/server-two/data
	jboss.server.deploy.dir = /home/colaborador/ambiente_java/EAP-6.4-digital/domain/servers/server-two/data/content
	jboss.server.log.dir = /home/colaborador/ambiente_java/EAP-6.4-digital/domain/servers/server-two/log
	jboss.server.name = server-two
	jboss.server.persist.config = true
	jboss.server.temp.dir = /home/colaborador/ambiente_java/EAP-6.4-digital/domain/servers/server-two/tmp
	line.separator = 

	logging.configuration = file:/home/colaborador/ambiente_java/EAP-6.4-digital/domain/servers/server-two/data/logging.properties
	module.path = /home/colaborador/ambiente_java/EAP-6.4-digital/modules
	org.jboss.resolver.warning = true
	org.xml.sax.driver = __redirected.__XMLReaderFactory
	os.arch = amd64
	os.name = Linux
	os.version = 4.4.0-45-generic
	path.separator = :
	sun.arch.data.model = 64
	sun.boot.class.path = /opt/jdk1.7.0_80/jre/lib/resources.jar:/opt/jdk1.7.0_80/jre/lib/rt.jar:/opt/jdk1.7.0_80/jre/lib/sunrsasign.jar:/opt/jdk1.7.0_80/jre/lib/jsse.jar:/opt/jdk1.7.0_80/jre/lib/jce.jar:/opt/jdk1.7.0_80/jre/lib/charsets.jar:/opt/jdk1.7.0_80/jre/lib/jfr.jar:/opt/jdk1.7.0_80/jre/classes
	sun.boot.library.path = /opt/jdk1.7.0_80/jre/lib/amd64
	sun.cpu.endian = little
	sun.cpu.isalist = 
	sun.desktop = gnome
	sun.io.unicode.encoding = UnicodeLittle
	sun.java.command = /home/colaborador/ambiente_java/EAP-6.4-digital/jboss-modules.jar -mp /home/colaborador/ambiente_java/EAP-6.4-digital/modules -jaxpmodule javax.xml.jaxp-provider org.jboss.as.server
	sun.java.launcher = SUN_STANDARD
	sun.jnu.encoding = UTF-8
	sun.management.compiler = HotSpot 64-Bit Tiered Compilers
	sun.os.patch.level = unknown
	user.country = US
	user.country.format = BR
	user.dir = /home/colaborador/ambiente_java/EAP-6.4-digital
	user.home = /home/colaborador
	user.language = en
	user.language.format = pt
	user.name = colaborador
	user.timezone = America/Sao_Paulo
18:37:37,919 DEBUG [org.jboss.as.config] (MSC service thread 1-7) VM Arguments: -D[Server:server-two] -XX:PermSize=256m -XX:MaxPermSize=256m -Xms1000m -Xmx1000m -Djboss.modules.policy-permissions=true -Djava.awt.headless=true -Djboss.modules.system.pkgs=org.jboss.byteman -Djboss.home.dir=/home/colaborador/ambiente_java/EAP-6.4-digital -Djava.net.preferIPv4Stack=true -Djboss.server.log.dir=/home/colaborador/ambiente_java/EAP-6.4-digital/domain/servers/server-two/log -Djboss.server.temp.dir=/home/colaborador/ambiente_java/EAP-6.4-digital/domain/servers/server-two/tmp -Djboss.server.data.dir=/home/colaborador/ambiente_java/EAP-6.4-digital/domain/servers/server-two/data -Dlogging.configuration=file:/home/colaborador/ambiente_java/EAP-6.4-digital/domain/servers/server-two/data/logging.properties 
18:37:38,264 INFO  [org.xnio] (MSC service thread 1-3) XNIO Version 3.0.13.GA-redhat-1
18:37:38,296 INFO  [org.xnio.nio] (MSC service thread 1-3) XNIO NIO Implementation Version 3.0.13.GA-redhat-1
18:37:38,343 INFO  [org.jboss.remoting] (MSC service thread 1-3) JBoss Remoting version 3.3.4.Final-redhat-1
18:37:40,652 INFO  [org.jboss.as.controller.management-deprecated] (ServerService Thread Pool -- 24) JBAS014627: Attribute enabled is deprecated, and it might be removed in future version!
18:37:40,738 WARN  [org.jboss.as.txn] (ServerService Thread Pool -- 35) JBAS010153: Node identifier property is set to the default value. Please make sure it is unique.
18:37:40,743 INFO  [org.jboss.as.security] (ServerService Thread Pool -- 37) JBAS013371: Activating Security Subsystem
18:37:40,758 INFO  [org.jboss.as.naming] (ServerService Thread Pool -- 42) JBAS011800: Activating Naming Subsystem
18:37:40,757 INFO  [org.jboss.as.security] (MSC service thread 1-2) JBAS013370: Current PicketBox version=4.1.1.Final-redhat-1
18:37:40,777 INFO  [org.jboss.as.jacorb] (ServerService Thread Pool -- 53) JBAS016300: Activating JacORB Subsystem
18:37:40,783 INFO  [org.jboss.as.clustering.infinispan] (ServerService Thread Pool -- 54) JBAS010280: Activating Infinispan subsystem.
18:37:40,784 INFO  [org.jboss.as.configadmin] (ServerService Thread Pool -- 58) JBAS016200: Activating ConfigAdmin Subsystem
18:37:40,835 INFO  [org.jboss.as.connector.subsystems.datasources] (ServerService Thread Pool -- 57) JBAS010403: Deploying JDBC-compliant driver class org.h2.Driver (version 1.3)
18:37:40,860 INFO  [org.jboss.as.webservices] (ServerService Thread Pool -- 33) JBAS015537: Activating WebServices Extension
18:37:40,856 INFO  [org.jboss.as.jsf] (ServerService Thread Pool -- 46) JBAS012615: Activated the following JSF Implementations: [main, 1.2]
18:37:40,941 INFO  [org.jboss.as.naming] (MSC service thread 1-8) JBAS011802: Starting Naming Service
18:37:40,949 INFO  [org.jboss.jaxr] (MSC service thread 1-1) JBAS014000: Started JAXR subsystem, binding JAXR connection factory into JNDI as: java:jboss/jaxr/ConnectionFactory
18:37:40,953 INFO  [org.jboss.as.connector.logging] (MSC service thread 1-2) JBAS010408: Starting JCA Subsystem (IronJacamar 1.0.31.Final-redhat-1)
18:37:40,961 INFO  [org.jboss.as.mail.extension] (MSC service thread 1-5) JBAS015400: Bound mail session [java:jboss/mail/Default]
18:37:41,514 INFO  [org.apache.coyote.http11.Http11Protocol] (MSC service thread 1-5) JBWEB003001: Coyote HTTP/1.1 initializing on : http-localhost/127.0.0.1:8230
18:37:41,553 INFO  [org.apache.coyote.http11.Http11Protocol] (MSC service thread 1-5) JBWEB003000: Coyote HTTP/1.1 starting on: http-localhost/127.0.0.1:8230
18:37:41,571 INFO  [org.hornetq.core.server] (ServerService Thread Pool -- 60) HQ221000: live server is starting with configuration HornetQ Configuration (clustered=false,backup=false,sharedStore=true,journalDirectory=/home/colaborador/ambiente_java/EAP-6.4-digital/domain/servers/server-two/data/messagingjournal,bindingsDirectory=/home/colaborador/ambiente_java/EAP-6.4-digital/domain/servers/server-two/data/messagingbindings,largeMessagesDirectory=/home/colaborador/ambiente_java/EAP-6.4-digital/domain/servers/server-two/data/messaginglargemessages,pagingDirectory=/home/colaborador/ambiente_java/EAP-6.4-digital/domain/servers/server-two/data/messagingpaging)
18:37:41,573 INFO  [org.hornetq.core.server] (ServerService Thread Pool -- 60) HQ221006: Waiting to obtain live lock
18:37:41,748 INFO  [org.jboss.as.jacorb] (MSC service thread 1-7) JBAS016330: CORBA ORB Service started
18:37:41,773 INFO  [org.hornetq.core.server] (ServerService Thread Pool -- 60) HQ221013: Using NIO Journal
18:37:41,943 INFO  [org.jboss.ws.common.management] (MSC service thread 1-4) JBWS022052: Starting JBoss Web Services - Stack CXF Server 4.3.4.Final-redhat-1
18:37:41,966 INFO  [org.hornetq.core.server] (ServerService Thread Pool -- 60) HQ221034: Waiting to obtain live lock
18:37:41,966 INFO  [org.hornetq.core.server] (ServerService Thread Pool -- 60) HQ221035: Live Server Obtained live lock
18:37:42,011 INFO  [org.jboss.as.connector.subsystems.datasources] (MSC service thread 1-3) JBAS010400: Bound data source [java:jboss/datasources/ExampleDS]
18:37:42,054 INFO  [org.jboss.as.jacorb] (MSC service thread 1-7) JBAS016328: CORBA Naming Service started
18:37:42,128 INFO  [org.jboss.as.remoting] (MSC service thread 1-2) JBAS017100: Listening on 127.0.0.1:4597
18:37:42,577 INFO  [org.hornetq.core.server] (ServerService Thread Pool -- 60) HQ221020: Started Netty Acceptor version 3.6.10.Final-266dbdf 127.0.0.1:5595 for CORE protocol
18:37:42,579 INFO  [org.hornetq.core.server] (ServerService Thread Pool -- 60) HQ221020: Started Netty Acceptor version 3.6.10.Final-266dbdf 127.0.0.1:5605 for CORE protocol
18:37:42,581 INFO  [org.hornetq.core.server] (ServerService Thread Pool -- 60) HQ221007: Server is now live
18:37:42,581 INFO  [org.hornetq.core.server] (ServerService Thread Pool -- 60) HQ221001: HornetQ Server version 2.3.25.Final (2.3.x, 123) [a862e98a-a442-11e6-81c8-093880630cf7] 
18:37:42,588 INFO  [org.hornetq.core.server] (ServerService Thread Pool -- 61) HQ221003: trying to deploy queue jms.queue.ExpiryQueue
18:37:42,607 INFO  [org.jboss.as.messaging] (ServerService Thread Pool -- 61) JBAS011601: Bound messaging object to jndi name java:/jms/queue/ExpiryQueue
18:37:42,646 INFO  [org.jboss.as.messaging] (ServerService Thread Pool -- 63) JBAS011601: Bound messaging object to jndi name java:jboss/exported/jms/RemoteConnectionFactory
18:37:42,648 INFO  [org.hornetq.core.server] (ServerService Thread Pool -- 60) HQ221003: trying to deploy queue jms.queue.DLQ
18:37:42,649 INFO  [org.jboss.as.messaging] (ServerService Thread Pool -- 60) JBAS011601: Bound messaging object to jndi name java:/jms/queue/DLQ
18:37:42,650 INFO  [org.jboss.as.messaging] (ServerService Thread Pool -- 62) JBAS011601: Bound messaging object to jndi name java:/ConnectionFactory
18:37:42,669 INFO  [org.jboss.as.connector.deployment] (MSC service thread 1-4) JBAS010406: Registered connection factory java:/JmsXA
18:37:42,705 INFO  [org.hornetq.ra] (MSC service thread 1-4) HornetQ resource adaptor started
18:37:42,706 INFO  [org.jboss.as.connector.services.resourceadapters.ResourceAdapterActivatorService$ResourceAdapterActivator] (MSC service thread 1-4) IJ020002: Deployed: file://RaActivatorhornetq-ra
18:37:42,708 INFO  [org.jboss.as.connector.deployment] (MSC service thread 1-1) JBAS010401: Bound JCA ConnectionFactory [java:/JmsXA]
18:37:42,848 INFO  [org.jboss.as] (Controller Boot Thread) JBAS015874: JBoss EAP 6.4.0.GA (AS 7.5.0.Final-redhat-21) started in 6859ms - Started 186 of 223 services (65 services are lazy, passive or on-demand)
18:38:14,613 INFO  [org.jboss.as.connector.deployment] (MSC service thread 1-7) JBAS010410: Unbound JCA ConnectionFactory [java:/JmsXA]
18:38:14,613 INFO  [org.jboss.as.connector.subsystems.datasources] (MSC service thread 1-1) JBAS010409: Unbound data source [java:jboss/datasources/ExampleDS]
18:38:14,627 INFO  [org.apache.catalina.core] (MSC service thread 1-1) JBWEB001079: Container org.apache.catalina.core.ContainerBase.[jboss.web].[default-host].[/] has not been started
18:38:14,618 INFO  [org.apache.coyote.http11.Http11Protocol] (MSC service thread 1-4) JBWEB003075: Coyote HTTP/1.1 pausing on: http-localhost/127.0.0.1:8230
18:38:14,635 INFO  [org.apache.coyote.http11.Http11Protocol] (MSC service thread 1-4) JBWEB003077: Coyote HTTP/1.1 stopping on : http-localhost/127.0.0.1:8230
18:38:14,641 INFO  [org.jboss.as.messaging] (ServerService Thread Pool -- 66) JBAS011605: Unbound messaging object to jndi name java:/jms/queue/ExpiryQueue
18:38:14,635 INFO  [org.jboss.jaxr] (MSC service thread 1-7) JBAS014002: UnBinding JAXR ConnectionFactory: java:jboss/jaxr/ConnectionFactory
18:38:14,703 INFO  [org.hornetq.ra] (ServerService Thread Pool -- 70) HQ151003: HornetQ resource adaptor stopped
18:38:14,777 INFO  [org.hornetq.core.server] (ServerService Thread Pool -- 70) HQ221002: HornetQ Server version 2.3.25.Final (2.3.x, 123) [a862e98a-a442-11e6-81c8-093880630cf7] stopped
18:38:14,798 INFO  [org.jboss.as] (MSC service thread 1-5) JBAS015950: JBoss EAP 6.4.0.GA (AS 7.5.0.Final-redhat-21) stopped in 185ms
18:38:35,341 INFO  [org.jboss.modules] (main) JBoss Modules version 1.3.6.Final-redhat-1
18:38:36,096 INFO  [org.jboss.msc] (main) JBoss MSC version 1.1.5.Final-redhat-1
18:38:36,486 INFO  [org.jboss.as] (MSC service thread 1-7) JBAS015899: JBoss EAP 6.4.0.GA (AS 7.5.0.Final-redhat-21) starting
18:38:36,498 DEBUG [org.jboss.as.config] (MSC service thread 1-7) Configured system properties:
	[Server:server-two] = 
	awt.toolkit = sun.awt.X11.XToolkit
	file.encoding = UTF-8
	file.encoding.pkg = sun.io
	file.separator = /
	java.awt.graphicsenv = sun.awt.X11GraphicsEnvironment
	java.awt.headless = true
	java.awt.printerjob = sun.print.PSPrinterJob
	java.class.path = /home/colaborador/ambiente_java/EAP-6.4-digital/jboss-modules.jar
	java.class.version = 51.0
	java.endorsed.dirs = /opt/jdk1.7.0_80/jre/lib/endorsed
	java.ext.dirs = /opt/jdk1.7.0_80/jre/lib/ext:/usr/java/packages/lib/ext
	java.home = /opt/jdk1.7.0_80/jre
	java.io.tmpdir = /tmp
	java.library.path = /usr/java/packages/lib/amd64:/usr/lib64:/lib64:/lib:/usr/lib
	java.net.preferIPv4Stack = true
	java.runtime.name = Java(TM) SE Runtime Environment
	java.runtime.version = 1.7.0_80-b15
	java.specification.name = Java Platform API Specification
	java.specification.vendor = Oracle Corporation
	java.specification.version = 1.7
	java.util.logging.manager = org.jboss.logmanager.LogManager
	java.vendor = Oracle Corporation
	java.vendor.url = http://java.oracle.com/
	java.vendor.url.bug = http://bugreport.sun.com/bugreport/
	java.version = 1.7.0_80
	java.vm.info = mixed mode
	java.vm.name = Java HotSpot(TM) 64-Bit Server VM
	java.vm.specification.name = Java Virtual Machine Specification
	java.vm.specification.vendor = Oracle Corporation
	java.vm.specification.version = 1.7
	java.vm.vendor = Oracle Corporation
	java.vm.version = 24.80-b11
	javax.management.builder.initial = org.jboss.as.jmx.PluggableMBeanServerBuilder
	javax.xml.datatype.DatatypeFactory = __redirected.__DatatypeFactory
	javax.xml.parsers.DocumentBuilderFactory = __redirected.__DocumentBuilderFactory
	javax.xml.parsers.SAXParserFactory = __redirected.__SAXParserFactory
	javax.xml.stream.XMLEventFactory = __redirected.__XMLEventFactory
	javax.xml.stream.XMLInputFactory = __redirected.__XMLInputFactory
	javax.xml.stream.XMLOutputFactory = __redirected.__XMLOutputFactory
	javax.xml.transform.TransformerFactory = __redirected.__TransformerFactory
	javax.xml.validation.SchemaFactory:http://www.w3.org/2001/XMLSchema = __redirected.__SchemaFactory
	javax.xml.xpath.XPathFactory:http://java.sun.com/jaxp/xpath/dom = __redirected.__XPathFactory
	jboss.domain.base.dir = /home/colaborador/ambiente_java/EAP-6.4-digital/domain
	jboss.domain.config.dir = /home/colaborador/ambiente_java/EAP-6.4-digital/domain/configuration
	jboss.home.dir = /home/colaborador/ambiente_java/EAP-6.4-digital
	jboss.host.name = campinas
	jboss.modules.dir = /home/colaborador/ambiente_java/EAP-6.4-digital/modules
	jboss.modules.policy-permissions = true
	jboss.modules.system.pkgs = org.jboss.byteman
	jboss.node.name = master:server-two
	jboss.qualified.host.name = campinas
	jboss.server.base.dir = /home/colaborador/ambiente_java/EAP-6.4-digital/domain/servers/server-two
	jboss.server.config.dir = /home/colaborador/ambiente_java/EAP-6.4-digital/domain/servers/server-two/configuration
	jboss.server.data.dir = /home/colaborador/ambiente_java/EAP-6.4-digital/domain/servers/server-two/data
	jboss.server.deploy.dir = /home/colaborador/ambiente_java/EAP-6.4-digital/domain/servers/server-two/data/content
	jboss.server.log.dir = /home/colaborador/ambiente_java/EAP-6.4-digital/domain/servers/server-two/log
	jboss.server.name = server-two
	jboss.server.persist.config = true
	jboss.server.temp.dir = /home/colaborador/ambiente_java/EAP-6.4-digital/domain/servers/server-two/tmp
	line.separator = 

	logging.configuration = file:/home/colaborador/ambiente_java/EAP-6.4-digital/domain/servers/server-two/data/logging.properties
	module.path = /home/colaborador/ambiente_java/EAP-6.4-digital/modules
	org.jboss.resolver.warning = true
	org.xml.sax.driver = __redirected.__XMLReaderFactory
	os.arch = amd64
	os.name = Linux
	os.version = 4.4.0-45-generic
	path.separator = :
	sun.arch.data.model = 64
	sun.boot.class.path = /opt/jdk1.7.0_80/jre/lib/resources.jar:/opt/jdk1.7.0_80/jre/lib/rt.jar:/opt/jdk1.7.0_80/jre/lib/sunrsasign.jar:/opt/jdk1.7.0_80/jre/lib/jsse.jar:/opt/jdk1.7.0_80/jre/lib/jce.jar:/opt/jdk1.7.0_80/jre/lib/charsets.jar:/opt/jdk1.7.0_80/jre/lib/jfr.jar:/opt/jdk1.7.0_80/jre/classes
	sun.boot.library.path = /opt/jdk1.7.0_80/jre/lib/amd64
	sun.cpu.endian = little
	sun.cpu.isalist = 
	sun.desktop = gnome
	sun.io.unicode.encoding = UnicodeLittle
	sun.java.command = /home/colaborador/ambiente_java/EAP-6.4-digital/jboss-modules.jar -mp /home/colaborador/ambiente_java/EAP-6.4-digital/modules -jaxpmodule javax.xml.jaxp-provider org.jboss.as.server
	sun.java.launcher = SUN_STANDARD
	sun.jnu.encoding = UTF-8
	sun.management.compiler = HotSpot 64-Bit Tiered Compilers
	sun.os.patch.level = unknown
	user.country = US
	user.country.format = BR
	user.dir = /home/colaborador/ambiente_java/EAP-6.4-digital
	user.home = /home/colaborador
	user.language = en
	user.language.format = pt
	user.name = colaborador
	user.timezone = America/Sao_Paulo
18:38:36,502 DEBUG [org.jboss.as.config] (MSC service thread 1-7) VM Arguments: -D[Server:server-two] -XX:PermSize=256m -XX:MaxPermSize=256m -Xms1000m -Xmx1000m -Djboss.modules.policy-permissions=true -Djava.awt.headless=true -Djboss.modules.system.pkgs=org.jboss.byteman -Djboss.home.dir=/home/colaborador/ambiente_java/EAP-6.4-digital -Djava.net.preferIPv4Stack=true -Djboss.server.log.dir=/home/colaborador/ambiente_java/EAP-6.4-digital/domain/servers/server-two/log -Djboss.server.temp.dir=/home/colaborador/ambiente_java/EAP-6.4-digital/domain/servers/server-two/tmp -Djboss.server.data.dir=/home/colaborador/ambiente_java/EAP-6.4-digital/domain/servers/server-two/data -Dlogging.configuration=file:/home/colaborador/ambiente_java/EAP-6.4-digital/domain/servers/server-two/data/logging.properties 
18:38:36,676 INFO  [org.xnio] (MSC service thread 1-1) XNIO Version 3.0.13.GA-redhat-1
18:38:36,690 INFO  [org.xnio.nio] (MSC service thread 1-1) XNIO NIO Implementation Version 3.0.13.GA-redhat-1
18:38:36,715 INFO  [org.jboss.remoting] (MSC service thread 1-1) JBoss Remoting version 3.3.4.Final-redhat-1
18:38:38,903 INFO  [org.jboss.as.controller.management-deprecated] (ServerService Thread Pool -- 23) JBAS014627: Attribute enabled is deprecated, and it might be removed in future version!
18:38:38,981 WARN  [org.jboss.as.txn] (ServerService Thread Pool -- 35) JBAS010153: Node identifier property is set to the default value. Please make sure it is unique.
18:38:38,984 INFO  [org.jboss.as.security] (ServerService Thread Pool -- 37) JBAS013371: Activating Security Subsystem
18:38:38,994 INFO  [org.jboss.as.security] (MSC service thread 1-7) JBAS013370: Current PicketBox version=4.1.1.Final-redhat-1
18:38:39,012 INFO  [org.jboss.as.webservices] (ServerService Thread Pool -- 33) JBAS015537: Activating WebServices Extension
18:38:39,020 INFO  [org.jboss.as.naming] (ServerService Thread Pool -- 42) JBAS011800: Activating Naming Subsystem
18:38:39,037 INFO  [org.jboss.as.jacorb] (ServerService Thread Pool -- 53) JBAS016300: Activating JacORB Subsystem
18:38:39,041 INFO  [org.jboss.as.clustering.infinispan] (ServerService Thread Pool -- 54) JBAS010280: Activating Infinispan subsystem.
18:38:39,066 INFO  [org.jboss.as.configadmin] (ServerService Thread Pool -- 58) JBAS016200: Activating ConfigAdmin Subsystem
18:38:39,057 INFO  [org.jboss.as.connector.subsystems.datasources] (ServerService Thread Pool -- 57) JBAS010403: Deploying JDBC-compliant driver class org.h2.Driver (version 1.3)
18:38:39,041 INFO  [org.jboss.as.jsf] (ServerService Thread Pool -- 46) JBAS012615: Activated the following JSF Implementations: [main, 1.2]
18:38:39,164 INFO  [org.jboss.as.naming] (MSC service thread 1-1) JBAS011802: Starting Naming Service
18:38:39,230 INFO  [org.jboss.as.mail.extension] (MSC service thread 1-3) JBAS015400: Bound mail session [java:jboss/mail/Default]
18:38:39,248 INFO  [org.jboss.jaxr] (MSC service thread 1-7) JBAS014000: Started JAXR subsystem, binding JAXR connection factory into JNDI as: java:jboss/jaxr/ConnectionFactory
18:38:39,314 INFO  [org.jboss.as.connector.logging] (MSC service thread 1-6) JBAS010408: Starting JCA Subsystem (IronJacamar 1.0.31.Final-redhat-1)
18:38:39,871 INFO  [org.apache.coyote.http11.Http11Protocol] (MSC service thread 1-3) JBWEB003001: Coyote HTTP/1.1 initializing on : http-localhost/127.0.0.1:8230
18:38:39,919 INFO  [org.apache.coyote.http11.Http11Protocol] (MSC service thread 1-3) JBWEB003000: Coyote HTTP/1.1 starting on: http-localhost/127.0.0.1:8230
18:38:40,074 INFO  [org.hornetq.core.server] (ServerService Thread Pool -- 60) HQ221000: live server is starting with configuration HornetQ Configuration (clustered=false,backup=false,sharedStore=true,journalDirectory=/home/colaborador/ambiente_java/EAP-6.4-digital/domain/servers/server-two/data/messagingjournal,bindingsDirectory=/home/colaborador/ambiente_java/EAP-6.4-digital/domain/servers/server-two/data/messagingbindings,largeMessagesDirectory=/home/colaborador/ambiente_java/EAP-6.4-digital/domain/servers/server-two/data/messaginglargemessages,pagingDirectory=/home/colaborador/ambiente_java/EAP-6.4-digital/domain/servers/server-two/data/messagingpaging)
18:38:40,108 INFO  [org.hornetq.core.server] (ServerService Thread Pool -- 60) HQ221006: Waiting to obtain live lock
18:38:40,178 INFO  [org.jboss.ws.common.management] (MSC service thread 1-4) JBWS022052: Starting JBoss Web Services - Stack CXF Server 4.3.4.Final-redhat-1
18:38:40,204 INFO  [org.hornetq.core.server] (ServerService Thread Pool -- 60) HQ221013: Using NIO Journal
18:38:40,213 INFO  [org.jboss.as.jacorb] (MSC service thread 1-7) JBAS016330: CORBA ORB Service started
18:38:40,359 INFO  [org.hornetq.core.server] (ServerService Thread Pool -- 60) HQ221034: Waiting to obtain live lock
18:38:40,360 INFO  [org.hornetq.core.server] (ServerService Thread Pool -- 60) HQ221035: Live Server Obtained live lock
18:38:40,395 INFO  [org.jboss.as.connector.subsystems.datasources] (MSC service thread 1-5) JBAS010400: Bound data source [java:jboss/datasources/ExampleDS]
18:38:40,390 INFO  [org.jboss.as.jacorb] (MSC service thread 1-3) JBAS016328: CORBA Naming Service started
18:38:40,505 INFO  [org.jboss.as.remoting] (MSC service thread 1-2) JBAS017100: Listening on 127.0.0.1:4597
18:38:40,929 INFO  [org.hornetq.core.server] (ServerService Thread Pool -- 60) HQ221020: Started Netty Acceptor version 3.6.10.Final-266dbdf 127.0.0.1:5605 for CORE protocol
18:38:40,931 INFO  [org.hornetq.core.server] (ServerService Thread Pool -- 60) HQ221020: Started Netty Acceptor version 3.6.10.Final-266dbdf 127.0.0.1:5595 for CORE protocol
18:38:40,933 INFO  [org.hornetq.core.server] (ServerService Thread Pool -- 60) HQ221007: Server is now live
18:38:40,934 INFO  [org.hornetq.core.server] (ServerService Thread Pool -- 60) HQ221001: HornetQ Server version 2.3.25.Final (2.3.x, 123) [a862e98a-a442-11e6-81c8-093880630cf7] 
18:38:40,961 INFO  [org.jboss.as.messaging] (ServerService Thread Pool -- 60) JBAS011601: Bound messaging object to jndi name java:/ConnectionFactory
18:38:40,970 INFO  [org.jboss.as.messaging] (ServerService Thread Pool -- 61) JBAS011601: Bound messaging object to jndi name java:jboss/exported/jms/RemoteConnectionFactory
18:38:40,971 INFO  [org.hornetq.core.server] (ServerService Thread Pool -- 62) HQ221003: trying to deploy queue jms.queue.DLQ
18:38:40,980 INFO  [org.jboss.as.messaging] (ServerService Thread Pool -- 62) JBAS011601: Bound messaging object to jndi name java:/jms/queue/DLQ
18:38:40,981 INFO  [org.hornetq.core.server] (ServerService Thread Pool -- 63) HQ221003: trying to deploy queue jms.queue.ExpiryQueue
18:38:40,985 INFO  [org.jboss.as.messaging] (ServerService Thread Pool -- 63) JBAS011601: Bound messaging object to jndi name java:/jms/queue/ExpiryQueue
18:38:41,029 INFO  [org.jboss.as.connector.deployment] (MSC service thread 1-4) JBAS010406: Registered connection factory java:/JmsXA
18:38:41,141 INFO  [org.hornetq.ra] (MSC service thread 1-4) HornetQ resource adaptor started
18:38:41,142 INFO  [org.jboss.as.connector.services.resourceadapters.ResourceAdapterActivatorService$ResourceAdapterActivator] (MSC service thread 1-4) IJ020002: Deployed: file://RaActivatorhornetq-ra
18:38:41,144 INFO  [org.jboss.as.connector.deployment] (MSC service thread 1-8) JBAS010401: Bound JCA ConnectionFactory [java:/JmsXA]
18:38:41,218 INFO  [org.jboss.as] (Controller Boot Thread) JBAS015874: JBoss EAP 6.4.0.GA (AS 7.5.0.Final-redhat-21) started in 6867ms - Started 186 of 223 services (65 services are lazy, passive or on-demand)
19:05:47,160 INFO  [org.apache.coyote.http11.Http11Protocol] (MSC service thread 1-3) JBWEB003075: Coyote HTTP/1.1 pausing on: http-localhost/127.0.0.1:8230
19:05:47,160 INFO  [org.apache.coyote.http11.Http11Protocol] (MSC service thread 1-3) JBWEB003077: Coyote HTTP/1.1 stopping on : http-localhost/127.0.0.1:8230
19:05:47,165 INFO  [org.jboss.as.connector.deployment] (MSC service thread 1-3) JBAS010410: Unbound JCA ConnectionFactory [java:/JmsXA]
19:05:47,166 INFO  [org.jboss.as.connector.subsystems.datasources] (MSC service thread 1-3) JBAS010409: Unbound data source [java:jboss/datasources/ExampleDS]
19:05:47,183 INFO  [org.apache.catalina.core] (MSC service thread 1-2) JBWEB001079: Container org.apache.catalina.core.ContainerBase.[jboss.web].[default-host].[/] has not been started
19:05:47,238 INFO  [org.jboss.as.messaging] (ServerService Thread Pool -- 72) JBAS011605: Unbound messaging object to jndi name java:/jms/queue/ExpiryQueue
19:05:47,234 INFO  [org.jboss.jaxr] (MSC service thread 1-8) JBAS014002: UnBinding JAXR ConnectionFactory: java:jboss/jaxr/ConnectionFactory
19:05:47,338 INFO  [org.hornetq.ra] (ServerService Thread Pool -- 78) HQ151003: HornetQ resource adaptor stopped
19:05:47,411 INFO  [org.hornetq.core.server] (ServerService Thread Pool -- 78) HQ221002: HornetQ Server version 2.3.25.Final (2.3.x, 123) [a862e98a-a442-11e6-81c8-093880630cf7] stopped
19:05:47,448 INFO  [org.jboss.as] (MSC service thread 1-6) JBAS015950: JBoss EAP 6.4.0.GA (AS 7.5.0.Final-redhat-21) stopped in 225ms
